{"numFailedTestSuites":3,"numFailedTests":14,"numPassedTestSuites":2,"numPassedTests":11,"numPendingTestSuites":0,"numPendingTests":0,"numRuntimeErrorTestSuites":1,"numTodoTests":0,"numTotalTestSuites":5,"numTotalTests":25,"openHandles":[],"snapshot":{"added":0,"didUpdate":false,"failure":false,"filesAdded":0,"filesRemoved":0,"filesRemovedList":[],"filesUnmatched":0,"filesUpdated":0,"matched":0,"total":0,"unchecked":0,"uncheckedKeysByFile":[],"unmatched":0,"updated":0},"startTime":1758710233652,"success":false,"testResults":[{"assertionResults":[{"ancestorTitles":["ProductDetailModal"],"duration":14,"failing":false,"failureDetails":[],"failureMessages":[],"fullName":"ProductDetailModal does not render when isOpen is false","invocations":1,"location":null,"numPassingAsserts":1,"retryReasons":[],"startAt":1758710234553,"status":"passed","title":"does not render when isOpen is false"},{"ancestorTitles":["ProductDetailModal"],"duration":28,"failing":false,"failureDetails":[{"name":"TestingLibraryElementError"}],"failureMessages":["TestingLibraryElementError: Found multiple elements with the text: /Lipstick/i\n\nHere are the matching elements:\n\nIgnored nodes: comments, script, style\n\u001b[36m<h2\u001b[39m\n  \u001b[33mclass\u001b[39m=\u001b[32m\"text-2xl font-bold text-gray-900 pr-12\"\u001b[39m\n\u001b[36m>\u001b[39m\n  \u001b[0mLipstick\u001b[0m\n\u001b[36m</h2>\u001b[39m\n\nIgnored nodes: comments, script, style\n\u001b[36m<p\u001b[39m\n  \u001b[33mclass\u001b[39m=\u001b[32m\"text-lg md:text-xl\"\u001b[39m\n\u001b[36m>\u001b[39m\n  \u001b[0mA red lipstick.\u001b[0m\n\u001b[36m</p>\u001b[39m\n\n(If this is intentional, then use the `*AllBy*` variant of the query (like `queryAllByText`, `getAllByText`, or `findAllByText`)).\n\nIgnored nodes: comments, script, style\n\u001b[36m<body\u001b[39m\n  \u001b[33mstyle\u001b[39m=\u001b[32m\"overflow: hidden;\"\u001b[39m\n\u001b[36m>\u001b[39m\n  \u001b[36m<div>\u001b[39m\n    \u001b[36m<div\u001b[39m\n      \u001b[33mclass\u001b[39m=\u001b[32m\"fixed inset-0 z-50 flex items-center justify-center bg-black/50 backdrop-blur-sm\"\u001b[39m\n    \u001b[36m>\u001b[39m\n      \u001b[36m<div\u001b[39m\n        \u001b[33mclass\u001b[39m=\u001b[32m\"bg-white rounded-2xl w-full max-w-5xl h-[90vh] flex overflow-hidden shadow-2xl relative mt-10\"\u001b[39m\n      \u001b[36m>\u001b[39m\n        \u001b[36m<button\u001b[39m\n          \u001b[33mclass\u001b[39m=\u001b[32m\"absolute top-4 right-4 z-10 p-3 rounded-full bg-white/90 hover:bg-white shadow-lg border border-gray-200\"\u001b[39m\n        \u001b[36m>\u001b[39m\n          \u001b[36m<svg\u001b[39m\n            \u001b[33maria-hidden\u001b[39m=\u001b[32m\"true\"\u001b[39m\n            \u001b[33mclass\u001b[39m=\u001b[32m\"lucide lucide-x w-5 h-5\"\u001b[39m\n            \u001b[33mfill\u001b[39m=\u001b[32m\"none\"\u001b[39m\n            \u001b[33mheight\u001b[39m=\u001b[32m\"24\"\u001b[39m\n            \u001b[33mstroke\u001b[39m=\u001b[32m\"currentColor\"\u001b[39m\n            \u001b[33mstroke-linecap\u001b[39m=\u001b[32m\"round\"\u001b[39m\n            \u001b[33mstroke-linejoin\u001b[39m=\u001b[32m\"round\"\u001b[39m\n            \u001b[33mstroke-width\u001b[39m=\u001b[32m\"2\"\u001b[39m\n            \u001b[33mviewBox\u001b[39m=\u001b[32m\"0 0 24 24\"\u001b[39m\n            \u001b[33mwidth\u001b[39m=\u001b[32m\"24\"\u001b[39m\n            \u001b[33mxmlns\u001b[39m=\u001b[32m\"http://www.w3.org/2000/svg\"\u001b[39m\n          \u001b[36m>\u001b[39m\n            \u001b[36m<path\u001b[39m\n              \u001b[33md\u001b[39m=\u001b[32m\"M18 6 6 18\"\u001b[39m\n            \u001b[36m/>\u001b[39m\n            \u001b[36m<path\u001b[39m\n              \u001b[33md\u001b[39m=\u001b[32m\"m6 6 12 12\"\u001b[39m\n            \u001b[36m/>\u001b[39m\n          \u001b[36m</svg>\u001b[39m\n        \u001b[36m</button>\u001b[39m\n        \u001b[36m<div\u001b[39m\n          \u001b[33mclass\u001b[39m=\u001b[32m\"w-1/2 bg-gray-50 p-8 flex flex-col relative overflow-y-auto\"\u001b[39m\n        \u001b[36m>\u001b[39m\n          \u001b[36m<div\u001b[39m\n            \u001b[33mclass\u001b[39m=\u001b[32m\"relative flex-1 flex items-center justify-center mt-8\"\u001b[39m\n          \u001b[36m>\u001b[39m\n            \u001b[36m<img\u001b[39m\n              \u001b[33malt\u001b[39m=\u001b[32m\"Lipstick\"\u001b[39m\n              \u001b[33mclass\u001b[39m=\u001b[32m\"max-h-[500px] w-auto object-contain rounded-lg\"\u001b[39m\n              \u001b[33msrc\u001b[39m=\u001b[32m\"/test/lipstick.png\"\u001b[39m\n            \u001b[36m/>\u001b[39m\n          \u001b[36m</div>\u001b[39m\n        \u001b[36m</div>\u001b[39m\n        \u001b[36m<div\u001b[39m\n          \u001b[33mclass\u001b[39m=\u001b[32m\"w-1/2 p-8 flex flex-col overflow-y-auto\"\u001b[39m\n        \u001b[36m>\u001b[39m\n          \u001b[36m<div\u001b[39m\n            \u001b[33mclass\u001b[39m=\u001b[32m\"pt-8\"\u001b[39m\n          \u001b[36m>\u001b[39m\n            \u001b[36m<div\u001b[39m\n              \u001b[33mclass\u001b[39m=\u001b[32m\"flex justify-between items-start mb-6\"\u001b[39m\n            \u001b[36m>\u001b[39m\n              \u001b[36m<h2\u001b[39m\n                \u001b[33mclass\u001b[39m=\u001b[32m\"text-2xl font-bold text-gray-900 pr-12\"\u001b[39m\n              \u001b[36m>\u001b[39m\n                \u001b[0mLipstick\u001b[0m\n              \u001b[36m</h2>\u001b[39m\n              \u001b[36m<button\u001b[39m\n                \u001b[33mclass\u001b[39m=\u001b[32m\"p-3 rounded-full border transition-colors flex-shrink-0 border-gray-200 hover:bg-gray-50 text-gray-400\"\u001b[39m\n              \u001b[36m>\u001b[39m\n                \u001b[36m<svg\u001b[39m\n                  \u001b[33maria-hidden\u001b[39m=\u001b[32m\"true\"\u001b[39m\n                  \u001b[33mclass\u001b[39m=\u001b[32m\"lucide lucide-heart w-5 h-5\"\u001b[39m\n                  \u001b[33mfill\u001b[39m=\u001b[32m\"none\"\u001b[39m\n                  \u001b[33mheight\u001b[39m=\u001b[32m\"24\"\u001b[39m\n                  \u001b[33mstroke\u001b[39m=\u001b[32m\"currentColor\"\u001b[39m\n                  \u001b[33mstroke-linecap\u001b[39m=\u001b[32m\"round\"\u001b[39m\n                  \u001b[33mstroke-linejoin\u001b[39m=\u001b[32m\"round\"\u001b[39m\n                  \u001b[33mstroke-width\u001b[39m=\u001b[32m\"2\"\u001b[39m\n                  \u001b[33mviewBox\u001b[39m=\u001b[32m\"0 0 24 24\"\u001b[39m\n                  \u001b[33mwidth\u001b[39m=\u001b[32m\"24\"\u001b[39m\n                  \u001b[33mxmlns\u001b[39m=\u001b[32m\"http://www.w3.org/2000/svg\"\u001b[39m\n                \u001b[36m>\u001b[39m\n                  \u001b[36m<path\u001b[39m\n                    \u001b[33md\u001b[39m=\u001b[32m\"M2 9.5a5.5 5.5 0 0 1 9.591-3.676.56.56 0 0 0 .818 0A5.49 5.49 0 0 1 22 9.5c0 2.29-1.5 4-3 5.5l-5.492 5.313a2 2 0 0 1-3 .019L5 15c-1.5-1.5-3-3.2-3-5.5\"\u001b[39m\n                  \u001b[36m/>\u001b[39m\n                \u001b[36m</svg>\u001b[39m\n              \u001b[36m</button>\u001b[39m\n            \u001b[36m</div>\u001b[39m\n            \u001b[36m<div\u001b[39m\n              \u001b[33mclass\u001b[39m=\u001b[32m\"flex items-center space-x-2 mb-8\"\u001b[39m\n            \u001b[36m>\u001b[39m\n              \u001b[36m<span\u001b[39m\n                \u001b[33mclass\u001b[39m=\u001b[32m\"text-3xl font-bold text-gray-900\"\u001b[39m\n              \u001b[36m>\u001b[39m\n                \u001b[0mKSh \u001b[0m\n                \u001b[0m1,500\u001b[0m\n              \u001b[36m</span>\u001b[39m\n            \u001b[36m</div>\u001b[39m\n            \u001b[36m<div\u001b[39m\n              \u001b[33mclass\u001b[39m=\u001b[32m\"flex items-center space-x-4 mb-8\"\u001b[39m\n            \u001b[36m>\u001b[39m\n              \u001b[36m<span\u001b[39m\n                \u001b[33mclass\u001b[39m=\u001b[32m\"text-sm font-medium text-gray-700\"\u001b[39m\n              \u001b[36m>\u001b[39m\n                \u001b[0mQuantity:\u001b[0m\n              \u001b[36m</span>\u001b[39m\n              \u001b[36m<div\u001b[39m\n                \u001b[33mclass\u001b[39m=\u001b[32m\"flex items-center border rounded-lg\"\u001b[39m\n              \u001b[36m>\u001b[39m\n                \u001b[36m<button\u001b[39m\n                  \u001b[33mclass\u001b[39m=\u001b[32m\"p-2 hover:bg-gray-50\"\u001b[39m\n                \u001b[36m>\u001b[39m\n                  \u001b[36m<svg\u001b[39m\n                    \u001b[33maria-hidden\u001b[39m=\u001b[32m\"true\"\u001b[39m\n                    \u001b[33mclass\u001b[39m=\u001b[32m\"lucide lucide-minus w-4 h-4\"\u001b[39m\n                    \u001b[33mfill\u001b[39m=\u001b[32m\"none\"\u001b[39m\n                    \u001b[33mheight\u001b[39m=\u001b[32m\"24\"\u001b[39m\n                    \u001b[33mstroke\u001b[39m=\u001b[32m\"currentColor\"\u001b[39m\n                    \u001b[33mstroke-linecap\u001b[39m=\u001b[32m\"round\"\u001b[39m\n                    \u001b[33mstroke-linejoin\u001b[39m=\u001b[32m\"round\"\u001b[39m\n                    \u001b[33mstroke-width\u001b[39m=\u001b[32m\"2\"\u001b[39m\n                    \u001b[33mviewBox\u001b[39m=\u001b[32m\"0 0 24 24\"\u001b[39m\n                    \u001b[33mwidth\u001b[39m=\u001b[32m\"24\"\u001b[39m\n                    \u001b[33mxmlns\u001b[39m=\u001b[32m\"http://www.w3.org/2000/svg\"\u001b[39m\n                  \u001b[36m>\u001b[39m\n                    \u001b[36m<path\u001b[39m\n                      \u001b[33md\u001b[39m=\u001b[32m\"M5 12h14\"\u001b[39m\n                    \u001b[36m/>\u001b[39m\n                  \u001b[36m</svg>\u001b[39m\n                \u001b[36m</button>\u001b[39m\n                \u001b[36m<span\u001b[39m\n                  \u001b[33mclass\u001b[39m=\u001b[32m\"px-4 py-2 font-medium\"\u001b[39m\n                \u001b[36m>\u001b[39m\n                  \u001b[0m1\u001b[0m\n                \u001b[36m</span>\u001b[39m\n                \u001b[36m<button\u001b[39m\n                  \u001b[33mclass\u001b[39m=\u001b[32m\"p-2 hover:bg-gray-50\"\u001b[39m\n                \u001b[36m>\u001b[39m\n                  \u001b[36m<svg\u001b[39m\n                    \u001b[33maria-hidden\u001b[39m=\u001b[32m\"true\"\u001b[39m\n                    \u001b[33mclass\u001b[39m=\u001b[32m\"lucide lucide-plus w-4 h-4\"\u001b[39m\n                    \u001b[33mfill\u001b[39m=\u001b[32m\"none\"\u001b[39m\n                    \u001b[33mheight\u001b[39m=\u001b[32m\"24\"\u001b[39m\n                    \u001b[33mstroke\u001b[39m=\u001b[32m\"currentColor\"\u001b[39m\n                    \u001b[33mstroke-linecap\u001b[39m=\u001b[32m\"round\"\u001b[39m\n                    \u001b[33mstroke-linejoin\u001b[39m=\u001b[32m\"round\"\u001b[39m\n                    \u001b[33mstroke-width\u001b[39m=\u001b[32m\"2\"\u001b[39m\n                    \u001b[33mviewBox\u001b[39m=\u001b[32m\"0 0 24 24\"\u001b[39m\n                    \u001b[33mwidth\u001b[39m=\u001b[32m\"24\"\u001b[39m\n                    \u001b[33mxmlns\u001b[39m=\u001b[32m\"http://www.w3.org/2000/svg\"\u001b[39m\n                  \u001b[36m>\u001b[39m\n                    \u001b[36m<path\u001b[39m\n                      \u001b[33md\u001b[39m=\u001b[32m\"M5 12h14\"\u001b[39m\n                    \u001b[36m/>\u001b[39m\n                    \u001b[36m<path\u001b[39m\n                      \u001b[33md\u001b[39m=\u001b[32m\"M12 5v14\"\u001b[39m\n                    \u001b[36m/>\u001b[39m\n                  \u001b[36m</svg>\u001b[39m\n                \u001b[36m</button>\u001b[39m\n              \u001b[36m</div>\u001b[39m\n            \u001b[36m</div>\u001b[39m\n            \u001b[36m<div\u001b[39m\n              \u001b[33mclass\u001b[39m=\u001b[32m\"flex space-x-4 mb-8\"\u001b[39m\n            \u001b[36m>\u001b[39m\n              \u001b[36m<button\u001b[39m\n                \u001b[33mclass\u001b[39m=\u001b[32m\"flex-1 flex items-center justify-center space-x-2 bg-[#ADA88E] text-white font-semibold px-6 py-3 rounded-lg hover:bg-[#C9A35D] hover:text-black transition-colors duration-300\"\u001b[39m\n              \u001b[36m>\u001b[39m\n                \u001b[36m<svg\u001b[39m\n                  \u001b[33maria-hidden\u001b[39m=\u001b[32m\"true\"\u001b[39m\n                  \u001b[33mclass\u001b[39m=\u001b[32m\"lucide lucide-shopping-cart w-5 h-5\"\u001b[39m\n                  \u001b[33mfill\u001b[39m=\u001b[32m\"none\"\u001b[39m\n                  \u001b[33mheight\u001b[39m=\u001b[32m\"24\"\u001b[39m\n                  \u001b[33mstroke\u001b[39m=\u001b[32m\"currentColor\"\u001b[39m\n                  \u001b[33mstroke-linecap\u001b[39m=\u001b[32m\"round\"\u001b[39m\n                  \u001b[33mstroke-linejoin\u001b[39m=\u001b[32m\"round\"\u001b[39m\n                  \u001b[33mstroke-width\u001b[39m=\u001b[32m\"2\"\u001b[39m\n                  \u001b[33mviewBox\u001b[39m=\u001b[32m\"0 0 24 24\"\u001b[39m\n                  \u001b[33mwidth\u001b[39m=\u001b[32m\"24\"\u001b[39m\n                  \u001b[33mxmlns\u001b[39m=\u001b[32m\"http://www.w3.org/2000/svg\"\u001b[39m\n                \u001b[36m>\u001b[39m\n                  \u001b[36m<circle\u001b[39m\n                    \u001b[33mcx\u001b[39m=\u001b[32m\"8\"\u001b[39m\n                    \u001b[33mcy\u001b[39m=\u001b[32m\"21\"\u001b[39m\n                    \u001b[33mr\u001b[39m=\u001b[32m\"1\"\u001b[39m\n                  \u001b[36m/>\u001b[39m\n                  \u001b[36m<circle\u001b[39m\n                    \u001b[33mcx\u001b[39m=\u001b[32m\"19\"\u001b[39m\n                    \u001b[33mcy\u001b[39m=\u001b[32m\"21\"\u001b[39m\n                    \u001b[33mr\u001b[39m=\u001b[32m\"1\"\u001b[39m\n                  \u001b[36m/>\u001b[39m\n                  \u001b[36m<path\u001b[39m\n                    \u001b[33md\u001b[39m=\u001b[32m\"M2.05 2.05h2l2.66 12.42a2 2 0 0 0 2 1.58h9.78a2 2 0 0 0 1.95-1.57l1.65-7.43H5.12\"\u001b[39m\n                  \u001b[36m/>\u001b[39m\n                \u001b[36m</svg>\u001b[39m\n                \u001b[36m<span>\u001b[39m\n                  \u001b[0mAdd to Cart\u001b[0m\n                \u001b[36m</span>\u001b[39m\n              \u001b[36m</button>\u001b[39m\n            \u001b[36m</div>\u001b[39m\n            \u001b[36m<div\u001b[39m\n              \u001b[33mclass\u001b[39m=\u001b[32m\"border-b mb-6 flex space-x-6\"\u001b[39m\n            \u001b[36m>\u001b[39m\n              \u001b[36m<button\u001b[39m\n                \u001b[33mclass\u001b[39m=\u001b[32m\"pb-3 text-xl font-medium capitalize border-b-2 border-[#ADA88E] text-[#ADA88E]\"\u001b[39m\n              \u001b[36m>\u001b[39m\n                \u001b[0mdetails\u001b[0m\n              \u001b[36m</button>\u001b[39m\n            \u001b[36m</div>\u001b[39m\n            \u001b[36m<div\u001b[39m\n              \u001b[33mclass\u001b[39m=\u001b[32m\"text-gray-800 text-base md:test-lg leading-relaxed mt-4\"\u001b[39m\n            \u001b[36m>\u001b[39m\n              \u001b[36m<p\u001b[39m\n                \u001b[33mclass\u001b[39m=\u001b[32m\"text-lg md:text-xl\"\u001b[39m\n              \u001b[36m>\u001b[39m\n                \u001b[0mA red lipstick.\u001b[0m\n              \u001b[36m</p>\u001b[39m\n            \u001b[36m</div>\u001b[39m\n          \u001b[36m</div>\u001b[39m\n        \u001b[36m</div>\u001b[39m\n      \u001b[36m</div>\u001b[39m\n    \u001b[36m</div>\u001b[39m\n  \u001b[36m</div>\u001b[39m\n\u001b[36m</body>\u001b[39m\n    at Object.getElementError (/Users/rsiyoi/Documents/Mywork/Moringa/Development/code/phase-5/Group-8-Beauty-Shop/client/node_modules/@testing-library/dom/dist/config.js:37:19)\n    at getElementError (/Users/rsiyoi/Documents/Mywork/Moringa/Development/code/phase-5/Group-8-Beauty-Shop/client/node_modules/@testing-library/dom/dist/query-helpers.js:20:35)\n    at getMultipleElementsFoundError (/Users/rsiyoi/Documents/Mywork/Moringa/Development/code/phase-5/Group-8-Beauty-Shop/client/node_modules/@testing-library/dom/dist/query-helpers.js:23:10)\n    at /Users/rsiyoi/Documents/Mywork/Moringa/Development/code/phase-5/Group-8-Beauty-Shop/client/node_modules/@testing-library/dom/dist/query-helpers.js:55:13\n    at /Users/rsiyoi/Documents/Mywork/Moringa/Development/code/phase-5/Group-8-Beauty-Shop/client/node_modules/@testing-library/dom/dist/query-helpers.js:95:19\n    at Object.getByText (/Users/rsiyoi/Documents/Mywork/Moringa/Development/code/phase-5/Group-8-Beauty-Shop/client/tests/components/Products/ProductDeatailModal.test.jsx:41:19)\n    at Promise.finally.completed (/Users/rsiyoi/Documents/Mywork/Moringa/Development/code/phase-5/Group-8-Beauty-Shop/client/node_modules/jest-circus/build/jestAdapterInit.js:1556:28)\n    at new Promise (<anonymous>)\n    at callAsyncCircusFn (/Users/rsiyoi/Documents/Mywork/Moringa/Development/code/phase-5/Group-8-Beauty-Shop/client/node_modules/jest-circus/build/jestAdapterInit.js:1496:10)\n    at _callCircusTest (/Users/rsiyoi/Documents/Mywork/Moringa/Development/code/phase-5/Group-8-Beauty-Shop/client/node_modules/jest-circus/build/jestAdapterInit.js:1006:40)\n    at _runTest (/Users/rsiyoi/Documents/Mywork/Moringa/Development/code/phase-5/Group-8-Beauty-Shop/client/node_modules/jest-circus/build/jestAdapterInit.js:946:3)\n    at _runTestsForDescribeBlock (/Users/rsiyoi/Documents/Mywork/Moringa/Development/code/phase-5/Group-8-Beauty-Shop/client/node_modules/jest-circus/build/jestAdapterInit.js:839:13)\n    at _runTestsForDescribeBlock (/Users/rsiyoi/Documents/Mywork/Moringa/Development/code/phase-5/Group-8-Beauty-Shop/client/node_modules/jest-circus/build/jestAdapterInit.js:829:11)\n    at run (/Users/rsiyoi/Documents/Mywork/Moringa/Development/code/phase-5/Group-8-Beauty-Shop/client/node_modules/jest-circus/build/jestAdapterInit.js:757:3)\n    at runAndTransformResultsToJestFormat (/Users/rsiyoi/Documents/Mywork/Moringa/Development/code/phase-5/Group-8-Beauty-Shop/client/node_modules/jest-circus/build/jestAdapterInit.js:1917:21)\n    at jestAdapter (/Users/rsiyoi/Documents/Mywork/Moringa/Development/code/phase-5/Group-8-Beauty-Shop/client/node_modules/jest-circus/build/runner.js:101:19)\n    at runTestInternal (/Users/rsiyoi/Documents/Mywork/Moringa/Development/code/phase-5/Group-8-Beauty-Shop/client/node_modules/jest-runner/build/index.js:275:16)\n    at runTest (/Users/rsiyoi/Documents/Mywork/Moringa/Development/code/phase-5/Group-8-Beauty-Shop/client/node_modules/jest-runner/build/index.js:343:7)"],"fullName":"ProductDetailModal renders modal with product details when isOpen is true","invocations":1,"location":null,"numPassingAsserts":0,"retryReasons":[],"startAt":1758710234568,"status":"failed","title":"renders modal with product details when isOpen is true"},{"ancestorTitles":["ProductDetailModal"],"duration":57,"failing":false,"failureDetails":[{"name":"TestingLibraryElementError"}],"failureMessages":["TestingLibraryElementError: Unable to find an accessible element with the role \"button\" and name `/close/i`\n\nHere are the accessible roles:\n\n  button:\n\n  Name \"\":\n  \u001b[36m<button\u001b[39m\n    \u001b[33mclass\u001b[39m=\u001b[32m\"absolute top-4 right-4 z-10 p-3 rounded-full bg-white/90 hover:bg-white shadow-lg border border-gray-200\"\u001b[39m\n  \u001b[36m/>\u001b[39m\n\n  Name \"\":\n  \u001b[36m<button\u001b[39m\n    \u001b[33mclass\u001b[39m=\u001b[32m\"p-3 rounded-full border transition-colors flex-shrink-0 border-gray-200 hover:bg-gray-50 text-gray-400\"\u001b[39m\n  \u001b[36m/>\u001b[39m\n\n  Name \"\":\n  \u001b[36m<button\u001b[39m\n    \u001b[33mclass\u001b[39m=\u001b[32m\"p-2 hover:bg-gray-50\"\u001b[39m\n  \u001b[36m/>\u001b[39m\n\n  Name \"\":\n  \u001b[36m<button\u001b[39m\n    \u001b[33mclass\u001b[39m=\u001b[32m\"p-2 hover:bg-gray-50\"\u001b[39m\n  \u001b[36m/>\u001b[39m\n\n  Name \"Add to Cart\":\n  \u001b[36m<button\u001b[39m\n    \u001b[33mclass\u001b[39m=\u001b[32m\"flex-1 flex items-center justify-center space-x-2 bg-[#ADA88E] text-white font-semibold px-6 py-3 rounded-lg hover:bg-[#C9A35D] hover:text-black transition-colors duration-300\"\u001b[39m\n  \u001b[36m/>\u001b[39m\n\n  Name \"details\":\n  \u001b[36m<button\u001b[39m\n    \u001b[33mclass\u001b[39m=\u001b[32m\"pb-3 text-xl font-medium capitalize border-b-2 border-[#ADA88E] text-[#ADA88E]\"\u001b[39m\n  \u001b[36m/>\u001b[39m\n\n  --------------------------------------------------\n  img:\n\n  Name \"Lipstick\":\n  \u001b[36m<img\u001b[39m\n    \u001b[33malt\u001b[39m=\u001b[32m\"Lipstick\"\u001b[39m\n    \u001b[33mclass\u001b[39m=\u001b[32m\"max-h-[500px] w-auto object-contain rounded-lg\"\u001b[39m\n    \u001b[33msrc\u001b[39m=\u001b[32m\"/test/lipstick.png\"\u001b[39m\n  \u001b[36m/>\u001b[39m\n\n  --------------------------------------------------\n  heading:\n\n  Name \"Lipstick\":\n  \u001b[36m<h2\u001b[39m\n    \u001b[33mclass\u001b[39m=\u001b[32m\"text-2xl font-bold text-gray-900 pr-12\"\u001b[39m\n  \u001b[36m/>\u001b[39m\n\n  --------------------------------------------------\n  paragraph:\n\n  Name \"\":\n  \u001b[36m<p\u001b[39m\n    \u001b[33mclass\u001b[39m=\u001b[32m\"text-lg md:text-xl\"\u001b[39m\n  \u001b[36m/>\u001b[39m\n\n  --------------------------------------------------\n\nIgnored nodes: comments, script, style\n\u001b[36m<body\u001b[39m\n  \u001b[33mstyle\u001b[39m=\u001b[32m\"overflow: hidden;\"\u001b[39m\n\u001b[36m>\u001b[39m\n  \u001b[36m<div>\u001b[39m\n    \u001b[36m<div\u001b[39m\n      \u001b[33mclass\u001b[39m=\u001b[32m\"fixed inset-0 z-50 flex items-center justify-center bg-black/50 backdrop-blur-sm\"\u001b[39m\n    \u001b[36m>\u001b[39m\n      \u001b[36m<div\u001b[39m\n        \u001b[33mclass\u001b[39m=\u001b[32m\"bg-white rounded-2xl w-full max-w-5xl h-[90vh] flex overflow-hidden shadow-2xl relative mt-10\"\u001b[39m\n      \u001b[36m>\u001b[39m\n        \u001b[36m<button\u001b[39m\n          \u001b[33mclass\u001b[39m=\u001b[32m\"absolute top-4 right-4 z-10 p-3 rounded-full bg-white/90 hover:bg-white shadow-lg border border-gray-200\"\u001b[39m\n        \u001b[36m>\u001b[39m\n          \u001b[36m<svg\u001b[39m\n            \u001b[33maria-hidden\u001b[39m=\u001b[32m\"true\"\u001b[39m\n            \u001b[33mclass\u001b[39m=\u001b[32m\"lucide lucide-x w-5 h-5\"\u001b[39m\n            \u001b[33mfill\u001b[39m=\u001b[32m\"none\"\u001b[39m\n            \u001b[33mheight\u001b[39m=\u001b[32m\"24\"\u001b[39m\n            \u001b[33mstroke\u001b[39m=\u001b[32m\"currentColor\"\u001b[39m\n            \u001b[33mstroke-linecap\u001b[39m=\u001b[32m\"round\"\u001b[39m\n            \u001b[33mstroke-linejoin\u001b[39m=\u001b[32m\"round\"\u001b[39m\n            \u001b[33mstroke-width\u001b[39m=\u001b[32m\"2\"\u001b[39m\n            \u001b[33mviewBox\u001b[39m=\u001b[32m\"0 0 24 24\"\u001b[39m\n            \u001b[33mwidth\u001b[39m=\u001b[32m\"24\"\u001b[39m\n            \u001b[33mxmlns\u001b[39m=\u001b[32m\"http://www.w3.org/2000/svg\"\u001b[39m\n          \u001b[36m>\u001b[39m\n            \u001b[36m<path\u001b[39m\n              \u001b[33md\u001b[39m=\u001b[32m\"M18 6 6 18\"\u001b[39m\n            \u001b[36m/>\u001b[39m\n            \u001b[36m<path\u001b[39m\n              \u001b[33md\u001b[39m=\u001b[32m\"m6 6 12 12\"\u001b[39m\n            \u001b[36m/>\u001b[39m\n          \u001b[36m</svg>\u001b[39m\n        \u001b[36m</button>\u001b[39m\n        \u001b[36m<div\u001b[39m\n          \u001b[33mclass\u001b[39m=\u001b[32m\"w-1/2 bg-gray-50 p-8 flex flex-col relative overflow-y-auto\"\u001b[39m\n        \u001b[36m>\u001b[39m\n          \u001b[36m<div\u001b[39m\n            \u001b[33mclass\u001b[39m=\u001b[32m\"relative flex-1 flex items-center justify-center mt-8\"\u001b[39m\n          \u001b[36m>\u001b[39m\n            \u001b[36m<img\u001b[39m\n              \u001b[33malt\u001b[39m=\u001b[32m\"Lipstick\"\u001b[39m\n              \u001b[33mclass\u001b[39m=\u001b[32m\"max-h-[500px] w-auto object-contain rounded-lg\"\u001b[39m\n              \u001b[33msrc\u001b[39m=\u001b[32m\"/test/lipstick.png\"\u001b[39m\n            \u001b[36m/>\u001b[39m\n          \u001b[36m</div>\u001b[39m\n        \u001b[36m</div>\u001b[39m\n        \u001b[36m<div\u001b[39m\n          \u001b[33mclass\u001b[39m=\u001b[32m\"w-1/2 p-8 flex flex-col overflow-y-auto\"\u001b[39m\n        \u001b[36m>\u001b[39m\n          \u001b[36m<div\u001b[39m\n            \u001b[33mclass\u001b[39m=\u001b[32m\"pt-8\"\u001b[39m\n          \u001b[36m>\u001b[39m\n            \u001b[36m<div\u001b[39m\n              \u001b[33mclass\u001b[39m=\u001b[32m\"flex justify-between items-start mb-6\"\u001b[39m\n            \u001b[36m>\u001b[39m\n              \u001b[36m<h2\u001b[39m\n                \u001b[33mclass\u001b[39m=\u001b[32m\"text-2xl font-bold text-gray-900 pr-12\"\u001b[39m\n              \u001b[36m>\u001b[39m\n                \u001b[0mLipstick\u001b[0m\n              \u001b[36m</h2>\u001b[39m\n              \u001b[36m<button\u001b[39m\n                \u001b[33mclass\u001b[39m=\u001b[32m\"p-3 rounded-full border transition-colors flex-shrink-0 border-gray-200 hover:bg-gray-50 text-gray-400\"\u001b[39m\n              \u001b[36m>\u001b[39m\n                \u001b[36m<svg\u001b[39m\n                  \u001b[33maria-hidden\u001b[39m=\u001b[32m\"true\"\u001b[39m\n                  \u001b[33mclass\u001b[39m=\u001b[32m\"lucide lucide-heart w-5 h-5\"\u001b[39m\n                  \u001b[33mfill\u001b[39m=\u001b[32m\"none\"\u001b[39m\n                  \u001b[33mheight\u001b[39m=\u001b[32m\"24\"\u001b[39m\n                  \u001b[33mstroke\u001b[39m=\u001b[32m\"currentColor\"\u001b[39m\n                  \u001b[33mstroke-linecap\u001b[39m=\u001b[32m\"round\"\u001b[39m\n                  \u001b[33mstroke-linejoin\u001b[39m=\u001b[32m\"round\"\u001b[39m\n                  \u001b[33mstroke-width\u001b[39m=\u001b[32m\"2\"\u001b[39m\n                  \u001b[33mviewBox\u001b[39m=\u001b[32m\"0 0 24 24\"\u001b[39m\n                  \u001b[33mwidth\u001b[39m=\u001b[32m\"24\"\u001b[39m\n                  \u001b[33mxmlns\u001b[39m=\u001b[32m\"http://www.w3.org/2000/svg\"\u001b[39m\n                \u001b[36m>\u001b[39m\n                  \u001b[36m<path\u001b[39m\n                    \u001b[33md\u001b[39m=\u001b[32m\"M2 9.5a5.5 5.5 0 0 1 9.591-3.676.56.56 0 0 0 .818 0A5.49 5.49 0 0 1 22 9.5c0 2.29-1.5 4-3 5.5l-5.492 5.313a2 2 0 0 1-3 .019L5 15c-1.5-1.5-3-3.2-3-5.5\"\u001b[39m\n                  \u001b[36m/>\u001b[39m\n                \u001b[36m</svg>\u001b[39m\n              \u001b[36m</button>\u001b[39m\n            \u001b[36m</div>\u001b[39m\n            \u001b[36m<div\u001b[39m\n              \u001b[33mclass\u001b[39m=\u001b[32m\"flex items-center space-x-2 mb-8\"\u001b[39m\n            \u001b[36m>\u001b[39m\n              \u001b[36m<span\u001b[39m\n                \u001b[33mclass\u001b[39m=\u001b[32m\"text-3xl font-bold text-gray-900\"\u001b[39m\n              \u001b[36m>\u001b[39m\n                \u001b[0mKSh \u001b[0m\n                \u001b[0m1,500\u001b[0m\n              \u001b[36m</span>\u001b[39m\n            \u001b[36m</div>\u001b[39m\n            \u001b[36m<div\u001b[39m\n              \u001b[33mclass\u001b[39m=\u001b[32m\"flex items-center space-x-4 mb-8\"\u001b[39m\n            \u001b[36m>\u001b[39m\n              \u001b[36m<span\u001b[39m\n                \u001b[33mclass\u001b[39m=\u001b[32m\"text-sm font-medium text-gray-700\"\u001b[39m\n              \u001b[36m>\u001b[39m\n                \u001b[0mQuantity:\u001b[0m\n              \u001b[36m</span>\u001b[39m\n              \u001b[36m<div\u001b[39m\n                \u001b[33mclass\u001b[39m=\u001b[32m\"flex items-center border rounded-lg\"\u001b[39m\n              \u001b[36m>\u001b[39m\n                \u001b[36m<button\u001b[39m\n                  \u001b[33mclass\u001b[39m=\u001b[32m\"p-2 hover:bg-gray-50\"\u001b[39m\n                \u001b[36m>\u001b[39m\n                  \u001b[36m<svg\u001b[39m\n                    \u001b[33maria-hidden\u001b[39m=\u001b[32m\"true\"\u001b[39m\n                    \u001b[33mclass\u001b[39m=\u001b[32m\"lucide lucide-minus w-4 h-4\"\u001b[39m\n                    \u001b[33mfill\u001b[39m=\u001b[32m\"none\"\u001b[39m\n                    \u001b[33mheight\u001b[39m=\u001b[32m\"24\"\u001b[39m\n                    \u001b[33mstroke\u001b[39m=\u001b[32m\"currentColor\"\u001b[39m\n                    \u001b[33mstroke-linecap\u001b[39m=\u001b[32m\"round\"\u001b[39m\n                    \u001b[33mstroke-linejoin\u001b[39m=\u001b[32m\"round\"\u001b[39m\n                    \u001b[33mstroke-width\u001b[39m=\u001b[32m\"2\"\u001b[39m\n                    \u001b[33mviewBox\u001b[39m=\u001b[32m\"0 0 24 24\"\u001b[39m\n                    \u001b[33mwidth\u001b[39m=\u001b[32m\"24\"\u001b[39m\n                    \u001b[33mxmlns\u001b[39m=\u001b[32m\"http://www.w3.org/2000/svg\"\u001b[39m\n                  \u001b[36m>\u001b[39m\n                    \u001b[36m<path\u001b[39m\n                      \u001b[33md\u001b[39m=\u001b[32m\"M5 12h14\"\u001b[39m\n                    \u001b[36m/>\u001b[39m\n                  \u001b[36m</svg>\u001b[39m\n                \u001b[36m</button>\u001b[39m\n                \u001b[36m<span\u001b[39m\n                  \u001b[33mclass\u001b[39m=\u001b[32m\"px-4 py-2 font-medium\"\u001b[39m\n                \u001b[36m>\u001b[39m\n                  \u001b[0m1\u001b[0m\n                \u001b[36m</span>\u001b[39m\n                \u001b[36m<button\u001b[39m\n                  \u001b[33mclass\u001b[39m=\u001b[32m\"p-2 hover:bg-gray-50\"\u001b[39m\n                \u001b[36m>\u001b[39m\n                  \u001b[36m<svg\u001b[39m\n                    \u001b[33maria-hidden\u001b[39m=\u001b[32m\"true\"\u001b[39m\n                    \u001b[33mclass\u001b[39m=\u001b[32m\"lucide lucide-plus w-4 h-4\"\u001b[39m\n                    \u001b[33mfill\u001b[39m=\u001b[32m\"none\"\u001b[39m\n                    \u001b[33mheight\u001b[39m=\u001b[32m\"24\"\u001b[39m\n                    \u001b[33mstroke\u001b[39m=\u001b[32m\"currentColor\"\u001b[39m\n                    \u001b[33mstroke-linecap\u001b[39m=\u001b[32m\"round\"\u001b[39m\n                    \u001b[33mstroke-linejoin\u001b[39m=\u001b[32m\"round\"\u001b[39m\n                    \u001b[33mstroke-width\u001b[39m=\u001b[32m\"2\"\u001b[39m\n                    \u001b[33mviewBox\u001b[39m=\u001b[32m\"0 0 24 24\"\u001b[39m\n                    \u001b[33mwidth\u001b[39m=\u001b[32m\"24\"\u001b[39m\n                    \u001b[33mxmlns\u001b[39m=\u001b[32m\"http://www.w3.org/2000/svg\"\u001b[39m\n                  \u001b[36m>\u001b[39m\n                    \u001b[36m<path\u001b[39m\n                      \u001b[33md\u001b[39m=\u001b[32m\"M5 12h14\"\u001b[39m\n                    \u001b[36m/>\u001b[39m\n                    \u001b[36m<path\u001b[39m\n                      \u001b[33md\u001b[39m=\u001b[32m\"M12 5v14\"\u001b[39m\n                    \u001b[36m/>\u001b[39m\n                  \u001b[36m</svg>\u001b[39m\n                \u001b[36m</button>\u001b[39m\n              \u001b[36m</div>\u001b[39m\n            \u001b[36m</div>\u001b[39m\n            \u001b[36m<div\u001b[39m\n              \u001b[33mclass\u001b[39m=\u001b[32m\"flex space-x-4 mb-8\"\u001b[39m\n            \u001b[36m>\u001b[39m\n              \u001b[36m<button\u001b[39m\n                \u001b[33mclass\u001b[39m=\u001b[32m\"flex-1 flex items-center justify-center space-x-2 bg-[#ADA88E] text-white font-semibold px-6 py-3 rounded-lg hover:bg-[#C9A35D] hover:text-black transition-colors duration-300\"\u001b[39m\n              \u001b[36m>\u001b[39m\n                \u001b[36m<svg\u001b[39m\n                  \u001b[33maria-hidden\u001b[39m=\u001b[32m\"true\"\u001b[39m\n                  \u001b[33mclass\u001b[39m=\u001b[32m\"lucide lucide-shopping-cart w-5 h-5\"\u001b[39m\n                  \u001b[33mfill\u001b[39m=\u001b[32m\"none\"\u001b[39m\n                  \u001b[33mheight\u001b[39m=\u001b[32m\"24\"\u001b[39m\n                  \u001b[33mstroke\u001b[39m=\u001b[32m\"currentColor\"\u001b[39m\n                  \u001b[33mstroke-linecap\u001b[39m=\u001b[32m\"round\"\u001b[39m\n                  \u001b[33mstroke-linejoin\u001b[39m=\u001b[32m\"round\"\u001b[39m\n                  \u001b[33mstroke-width\u001b[39m=\u001b[32m\"2\"\u001b[39m\n                  \u001b[33mviewBox\u001b[39m=\u001b[32m\"0 0 24 24\"\u001b[39m\n                  \u001b[33mwidth\u001b[39m=\u001b[32m\"24\"\u001b[39m\n                  \u001b[33mxmlns\u001b[39m=\u001b[32m\"http://www.w3.org/2000/svg\"\u001b[39m\n                \u001b[36m>\u001b[39m\n                  \u001b[36m<circle\u001b[39m\n                    \u001b[33mcx\u001b[39m=\u001b[32m\"8\"\u001b[39m\n                    \u001b[33mcy\u001b[39m=\u001b[32m\"21\"\u001b[39m\n                    \u001b[33mr\u001b[39m=\u001b[32m\"1\"\u001b[39m\n                  \u001b[36m/>\u001b[39m\n                  \u001b[36m<circle\u001b[39m\n                    \u001b[33mcx\u001b[39m=\u001b[32m\"19\"\u001b[39m\n                    \u001b[33mcy\u001b[39m=\u001b[32m\"21\"\u001b[39m\n                    \u001b[33mr\u001b[39m=\u001b[32m\"1\"\u001b[39m\n                  \u001b[36m/>\u001b[39m\n                  \u001b[36m<path\u001b[39m\n                    \u001b[33md\u001b[39m=\u001b[32m\"M2.05 2.05h2l2.66 12.42a2 2 0 0 0 2 1.58h9.78a2 2 0 0 0 1.95-1.57l1.65-7.43H5.12\"\u001b[39m\n                  \u001b[36m/>\u001b[39m\n                \u001b[36m</svg>\u001b[39m\n                \u001b[36m<span>\u001b[39m\n                  \u001b[0mAdd to Cart\u001b[0m\n                \u001b[36m</span>\u001b[39m\n              \u001b[36m</button>\u001b[39m\n            \u001b[36m</div>\u001b[39m\n            \u001b[36m<div\u001b[39m\n              \u001b[33mclass\u001b[39m=\u001b[32m\"border-b mb-6 flex space-x-6\"\u001b[39m\n            \u001b[36m>\u001b[39m\n              \u001b[36m<button\u001b[39m\n                \u001b[33mclass\u001b[39m=\u001b[32m\"pb-3 text-xl font-medium capitalize border-b-2 border-[#ADA88E] text-[#ADA88E]\"\u001b[39m\n              \u001b[36m>\u001b[39m\n                \u001b[0mdetails\u001b[0m\n              \u001b[36m</button>\u001b[39m\n            \u001b[36m</div>\u001b[39m\n            \u001b[36m<div\u001b[39m\n              \u001b[33mclass\u001b[39m=\u001b[32m\"text-gray-800 text-base md:test-lg leading-relaxed mt-4\"\u001b[39m\n            \u001b[36m>\u001b[39m\n              \u001b[36m<p\u001b[39m\n                \u001b[33mclass\u001b[39m=\u001b[32m\"text-lg md:text-xl\"\u001b[39m\n              \u001b[36m>\u001b[39m\n                \u001b[0mA red lipstick.\u001b[0m\n              \u001b[36m</p>\u001b[39m\n            \u001b[36m</div>\u001b[39m\n          \u001b[36m</div>\u001b[39m\n        \u001b[36m</div>\u001b[39m\n      \u001b[36m</div>\u001b[39m\n    \u001b[36m</div>\u001b[39m\n  \u001b[36m</div>\u001b[39m\n\u001b[36m</body>\u001b[39m\n    at Object.getElementError (/Users/rsiyoi/Documents/Mywork/Moringa/Development/code/phase-5/Group-8-Beauty-Shop/client/node_modules/@testing-library/dom/dist/config.js:37:19)\n    at /Users/rsiyoi/Documents/Mywork/Moringa/Development/code/phase-5/Group-8-Beauty-Shop/client/node_modules/@testing-library/dom/dist/query-helpers.js:76:38\n    at /Users/rsiyoi/Documents/Mywork/Moringa/Development/code/phase-5/Group-8-Beauty-Shop/client/node_modules/@testing-library/dom/dist/query-helpers.js:52:17\n    at /Users/rsiyoi/Documents/Mywork/Moringa/Development/code/phase-5/Group-8-Beauty-Shop/client/node_modules/@testing-library/dom/dist/query-helpers.js:95:19\n    at Object.getByRole (/Users/rsiyoi/Documents/Mywork/Moringa/Development/code/phase-5/Group-8-Beauty-Shop/client/tests/components/Products/ProductDeatailModal.test.jsx:48:28)\n    at Promise.finally.completed (/Users/rsiyoi/Documents/Mywork/Moringa/Development/code/phase-5/Group-8-Beauty-Shop/client/node_modules/jest-circus/build/jestAdapterInit.js:1556:28)\n    at new Promise (<anonymous>)\n    at callAsyncCircusFn (/Users/rsiyoi/Documents/Mywork/Moringa/Development/code/phase-5/Group-8-Beauty-Shop/client/node_modules/jest-circus/build/jestAdapterInit.js:1496:10)\n    at _callCircusTest (/Users/rsiyoi/Documents/Mywork/Moringa/Development/code/phase-5/Group-8-Beauty-Shop/client/node_modules/jest-circus/build/jestAdapterInit.js:1006:40)\n    at _runTest (/Users/rsiyoi/Documents/Mywork/Moringa/Development/code/phase-5/Group-8-Beauty-Shop/client/node_modules/jest-circus/build/jestAdapterInit.js:946:3)\n    at _runTestsForDescribeBlock (/Users/rsiyoi/Documents/Mywork/Moringa/Development/code/phase-5/Group-8-Beauty-Shop/client/node_modules/jest-circus/build/jestAdapterInit.js:839:13)\n    at _runTestsForDescribeBlock (/Users/rsiyoi/Documents/Mywork/Moringa/Development/code/phase-5/Group-8-Beauty-Shop/client/node_modules/jest-circus/build/jestAdapterInit.js:829:11)\n    at run (/Users/rsiyoi/Documents/Mywork/Moringa/Development/code/phase-5/Group-8-Beauty-Shop/client/node_modules/jest-circus/build/jestAdapterInit.js:757:3)\n    at runAndTransformResultsToJestFormat (/Users/rsiyoi/Documents/Mywork/Moringa/Development/code/phase-5/Group-8-Beauty-Shop/client/node_modules/jest-circus/build/jestAdapterInit.js:1917:21)\n    at jestAdapter (/Users/rsiyoi/Documents/Mywork/Moringa/Development/code/phase-5/Group-8-Beauty-Shop/client/node_modules/jest-circus/build/runner.js:101:19)\n    at runTestInternal (/Users/rsiyoi/Documents/Mywork/Moringa/Development/code/phase-5/Group-8-Beauty-Shop/client/node_modules/jest-runner/build/index.js:275:16)\n    at runTest (/Users/rsiyoi/Documents/Mywork/Moringa/Development/code/phase-5/Group-8-Beauty-Shop/client/node_modules/jest-runner/build/index.js:343:7)"],"fullName":"ProductDetailModal calls onClose when close button is clicked","invocations":1,"location":null,"numPassingAsserts":0,"retryReasons":[],"startAt":1758710234601,"status":"failed","title":"calls onClose when close button is clicked"},{"ancestorTitles":["ProductDetailModal"],"duration":22,"failing":false,"failureDetails":[{"name":"TestingLibraryElementError"}],"failureMessages":["TestingLibraryElementError: Unable to find an accessible element with the role \"button\" and name `/\\+/i`\n\nHere are the accessible roles:\n\n  button:\n\n  Name \"\":\n  \u001b[36m<button\u001b[39m\n    \u001b[33mclass\u001b[39m=\u001b[32m\"absolute top-4 right-4 z-10 p-3 rounded-full bg-white/90 hover:bg-white shadow-lg border border-gray-200\"\u001b[39m\n  \u001b[36m/>\u001b[39m\n\n  Name \"\":\n  \u001b[36m<button\u001b[39m\n    \u001b[33mclass\u001b[39m=\u001b[32m\"p-3 rounded-full border transition-colors flex-shrink-0 border-gray-200 hover:bg-gray-50 text-gray-400\"\u001b[39m\n  \u001b[36m/>\u001b[39m\n\n  Name \"\":\n  \u001b[36m<button\u001b[39m\n    \u001b[33mclass\u001b[39m=\u001b[32m\"p-2 hover:bg-gray-50\"\u001b[39m\n  \u001b[36m/>\u001b[39m\n\n  Name \"\":\n  \u001b[36m<button\u001b[39m\n    \u001b[33mclass\u001b[39m=\u001b[32m\"p-2 hover:bg-gray-50\"\u001b[39m\n  \u001b[36m/>\u001b[39m\n\n  Name \"Add to Cart\":\n  \u001b[36m<button\u001b[39m\n    \u001b[33mclass\u001b[39m=\u001b[32m\"flex-1 flex items-center justify-center space-x-2 bg-[#ADA88E] text-white font-semibold px-6 py-3 rounded-lg hover:bg-[#C9A35D] hover:text-black transition-colors duration-300\"\u001b[39m\n  \u001b[36m/>\u001b[39m\n\n  Name \"details\":\n  \u001b[36m<button\u001b[39m\n    \u001b[33mclass\u001b[39m=\u001b[32m\"pb-3 text-xl font-medium capitalize border-b-2 border-[#ADA88E] text-[#ADA88E]\"\u001b[39m\n  \u001b[36m/>\u001b[39m\n\n  --------------------------------------------------\n  img:\n\n  Name \"Lipstick\":\n  \u001b[36m<img\u001b[39m\n    \u001b[33malt\u001b[39m=\u001b[32m\"Lipstick\"\u001b[39m\n    \u001b[33mclass\u001b[39m=\u001b[32m\"max-h-[500px] w-auto object-contain rounded-lg\"\u001b[39m\n    \u001b[33msrc\u001b[39m=\u001b[32m\"/test/lipstick.png\"\u001b[39m\n  \u001b[36m/>\u001b[39m\n\n  --------------------------------------------------\n  heading:\n\n  Name \"Lipstick\":\n  \u001b[36m<h2\u001b[39m\n    \u001b[33mclass\u001b[39m=\u001b[32m\"text-2xl font-bold text-gray-900 pr-12\"\u001b[39m\n  \u001b[36m/>\u001b[39m\n\n  --------------------------------------------------\n  paragraph:\n\n  Name \"\":\n  \u001b[36m<p\u001b[39m\n    \u001b[33mclass\u001b[39m=\u001b[32m\"text-lg md:text-xl\"\u001b[39m\n  \u001b[36m/>\u001b[39m\n\n  --------------------------------------------------\n\nIgnored nodes: comments, script, style\n\u001b[36m<body\u001b[39m\n  \u001b[33mstyle\u001b[39m=\u001b[32m\"overflow: hidden;\"\u001b[39m\n\u001b[36m>\u001b[39m\n  \u001b[36m<div>\u001b[39m\n    \u001b[36m<div\u001b[39m\n      \u001b[33mclass\u001b[39m=\u001b[32m\"fixed inset-0 z-50 flex items-center justify-center bg-black/50 backdrop-blur-sm\"\u001b[39m\n    \u001b[36m>\u001b[39m\n      \u001b[36m<div\u001b[39m\n        \u001b[33mclass\u001b[39m=\u001b[32m\"bg-white rounded-2xl w-full max-w-5xl h-[90vh] flex overflow-hidden shadow-2xl relative mt-10\"\u001b[39m\n      \u001b[36m>\u001b[39m\n        \u001b[36m<button\u001b[39m\n          \u001b[33mclass\u001b[39m=\u001b[32m\"absolute top-4 right-4 z-10 p-3 rounded-full bg-white/90 hover:bg-white shadow-lg border border-gray-200\"\u001b[39m\n        \u001b[36m>\u001b[39m\n          \u001b[36m<svg\u001b[39m\n            \u001b[33maria-hidden\u001b[39m=\u001b[32m\"true\"\u001b[39m\n            \u001b[33mclass\u001b[39m=\u001b[32m\"lucide lucide-x w-5 h-5\"\u001b[39m\n            \u001b[33mfill\u001b[39m=\u001b[32m\"none\"\u001b[39m\n            \u001b[33mheight\u001b[39m=\u001b[32m\"24\"\u001b[39m\n            \u001b[33mstroke\u001b[39m=\u001b[32m\"currentColor\"\u001b[39m\n            \u001b[33mstroke-linecap\u001b[39m=\u001b[32m\"round\"\u001b[39m\n            \u001b[33mstroke-linejoin\u001b[39m=\u001b[32m\"round\"\u001b[39m\n            \u001b[33mstroke-width\u001b[39m=\u001b[32m\"2\"\u001b[39m\n            \u001b[33mviewBox\u001b[39m=\u001b[32m\"0 0 24 24\"\u001b[39m\n            \u001b[33mwidth\u001b[39m=\u001b[32m\"24\"\u001b[39m\n            \u001b[33mxmlns\u001b[39m=\u001b[32m\"http://www.w3.org/2000/svg\"\u001b[39m\n          \u001b[36m>\u001b[39m\n            \u001b[36m<path\u001b[39m\n              \u001b[33md\u001b[39m=\u001b[32m\"M18 6 6 18\"\u001b[39m\n            \u001b[36m/>\u001b[39m\n            \u001b[36m<path\u001b[39m\n              \u001b[33md\u001b[39m=\u001b[32m\"m6 6 12 12\"\u001b[39m\n            \u001b[36m/>\u001b[39m\n          \u001b[36m</svg>\u001b[39m\n        \u001b[36m</button>\u001b[39m\n        \u001b[36m<div\u001b[39m\n          \u001b[33mclass\u001b[39m=\u001b[32m\"w-1/2 bg-gray-50 p-8 flex flex-col relative overflow-y-auto\"\u001b[39m\n        \u001b[36m>\u001b[39m\n          \u001b[36m<div\u001b[39m\n            \u001b[33mclass\u001b[39m=\u001b[32m\"relative flex-1 flex items-center justify-center mt-8\"\u001b[39m\n          \u001b[36m>\u001b[39m\n            \u001b[36m<img\u001b[39m\n              \u001b[33malt\u001b[39m=\u001b[32m\"Lipstick\"\u001b[39m\n              \u001b[33mclass\u001b[39m=\u001b[32m\"max-h-[500px] w-auto object-contain rounded-lg\"\u001b[39m\n              \u001b[33msrc\u001b[39m=\u001b[32m\"/test/lipstick.png\"\u001b[39m\n            \u001b[36m/>\u001b[39m\n          \u001b[36m</div>\u001b[39m\n        \u001b[36m</div>\u001b[39m\n        \u001b[36m<div\u001b[39m\n          \u001b[33mclass\u001b[39m=\u001b[32m\"w-1/2 p-8 flex flex-col overflow-y-auto\"\u001b[39m\n        \u001b[36m>\u001b[39m\n          \u001b[36m<div\u001b[39m\n            \u001b[33mclass\u001b[39m=\u001b[32m\"pt-8\"\u001b[39m\n          \u001b[36m>\u001b[39m\n            \u001b[36m<div\u001b[39m\n              \u001b[33mclass\u001b[39m=\u001b[32m\"flex justify-between items-start mb-6\"\u001b[39m\n            \u001b[36m>\u001b[39m\n              \u001b[36m<h2\u001b[39m\n                \u001b[33mclass\u001b[39m=\u001b[32m\"text-2xl font-bold text-gray-900 pr-12\"\u001b[39m\n              \u001b[36m>\u001b[39m\n                \u001b[0mLipstick\u001b[0m\n              \u001b[36m</h2>\u001b[39m\n              \u001b[36m<button\u001b[39m\n                \u001b[33mclass\u001b[39m=\u001b[32m\"p-3 rounded-full border transition-colors flex-shrink-0 border-gray-200 hover:bg-gray-50 text-gray-400\"\u001b[39m\n              \u001b[36m>\u001b[39m\n                \u001b[36m<svg\u001b[39m\n                  \u001b[33maria-hidden\u001b[39m=\u001b[32m\"true\"\u001b[39m\n                  \u001b[33mclass\u001b[39m=\u001b[32m\"lucide lucide-heart w-5 h-5\"\u001b[39m\n                  \u001b[33mfill\u001b[39m=\u001b[32m\"none\"\u001b[39m\n                  \u001b[33mheight\u001b[39m=\u001b[32m\"24\"\u001b[39m\n                  \u001b[33mstroke\u001b[39m=\u001b[32m\"currentColor\"\u001b[39m\n                  \u001b[33mstroke-linecap\u001b[39m=\u001b[32m\"round\"\u001b[39m\n                  \u001b[33mstroke-linejoin\u001b[39m=\u001b[32m\"round\"\u001b[39m\n                  \u001b[33mstroke-width\u001b[39m=\u001b[32m\"2\"\u001b[39m\n                  \u001b[33mviewBox\u001b[39m=\u001b[32m\"0 0 24 24\"\u001b[39m\n                  \u001b[33mwidth\u001b[39m=\u001b[32m\"24\"\u001b[39m\n                  \u001b[33mxmlns\u001b[39m=\u001b[32m\"http://www.w3.org/2000/svg\"\u001b[39m\n                \u001b[36m>\u001b[39m\n                  \u001b[36m<path\u001b[39m\n                    \u001b[33md\u001b[39m=\u001b[32m\"M2 9.5a5.5 5.5 0 0 1 9.591-3.676.56.56 0 0 0 .818 0A5.49 5.49 0 0 1 22 9.5c0 2.29-1.5 4-3 5.5l-5.492 5.313a2 2 0 0 1-3 .019L5 15c-1.5-1.5-3-3.2-3-5.5\"\u001b[39m\n                  \u001b[36m/>\u001b[39m\n                \u001b[36m</svg>\u001b[39m\n              \u001b[36m</button>\u001b[39m\n            \u001b[36m</div>\u001b[39m\n            \u001b[36m<div\u001b[39m\n              \u001b[33mclass\u001b[39m=\u001b[32m\"flex items-center space-x-2 mb-8\"\u001b[39m\n            \u001b[36m>\u001b[39m\n              \u001b[36m<span\u001b[39m\n                \u001b[33mclass\u001b[39m=\u001b[32m\"text-3xl font-bold text-gray-900\"\u001b[39m\n              \u001b[36m>\u001b[39m\n                \u001b[0mKSh \u001b[0m\n                \u001b[0m1,500\u001b[0m\n              \u001b[36m</span>\u001b[39m\n            \u001b[36m</div>\u001b[39m\n            \u001b[36m<div\u001b[39m\n              \u001b[33mclass\u001b[39m=\u001b[32m\"flex items-center space-x-4 mb-8\"\u001b[39m\n            \u001b[36m>\u001b[39m\n              \u001b[36m<span\u001b[39m\n                \u001b[33mclass\u001b[39m=\u001b[32m\"text-sm font-medium text-gray-700\"\u001b[39m\n              \u001b[36m>\u001b[39m\n                \u001b[0mQuantity:\u001b[0m\n              \u001b[36m</span>\u001b[39m\n              \u001b[36m<div\u001b[39m\n                \u001b[33mclass\u001b[39m=\u001b[32m\"flex items-center border rounded-lg\"\u001b[39m\n              \u001b[36m>\u001b[39m\n                \u001b[36m<button\u001b[39m\n                  \u001b[33mclass\u001b[39m=\u001b[32m\"p-2 hover:bg-gray-50\"\u001b[39m\n                \u001b[36m>\u001b[39m\n                  \u001b[36m<svg\u001b[39m\n                    \u001b[33maria-hidden\u001b[39m=\u001b[32m\"true\"\u001b[39m\n                    \u001b[33mclass\u001b[39m=\u001b[32m\"lucide lucide-minus w-4 h-4\"\u001b[39m\n                    \u001b[33mfill\u001b[39m=\u001b[32m\"none\"\u001b[39m\n                    \u001b[33mheight\u001b[39m=\u001b[32m\"24\"\u001b[39m\n                    \u001b[33mstroke\u001b[39m=\u001b[32m\"currentColor\"\u001b[39m\n                    \u001b[33mstroke-linecap\u001b[39m=\u001b[32m\"round\"\u001b[39m\n                    \u001b[33mstroke-linejoin\u001b[39m=\u001b[32m\"round\"\u001b[39m\n                    \u001b[33mstroke-width\u001b[39m=\u001b[32m\"2\"\u001b[39m\n                    \u001b[33mviewBox\u001b[39m=\u001b[32m\"0 0 24 24\"\u001b[39m\n                    \u001b[33mwidth\u001b[39m=\u001b[32m\"24\"\u001b[39m\n                    \u001b[33mxmlns\u001b[39m=\u001b[32m\"http://www.w3.org/2000/svg\"\u001b[39m\n                  \u001b[36m>\u001b[39m\n                    \u001b[36m<path\u001b[39m\n                      \u001b[33md\u001b[39m=\u001b[32m\"M5 12h14\"\u001b[39m\n                    \u001b[36m/>\u001b[39m\n                  \u001b[36m</svg>\u001b[39m\n                \u001b[36m</button>\u001b[39m\n                \u001b[36m<span\u001b[39m\n                  \u001b[33mclass\u001b[39m=\u001b[32m\"px-4 py-2 font-medium\"\u001b[39m\n                \u001b[36m>\u001b[39m\n                  \u001b[0m1\u001b[0m\n                \u001b[36m</span>\u001b[39m\n                \u001b[36m<button\u001b[39m\n                  \u001b[33mclass\u001b[39m=\u001b[32m\"p-2 hover:bg-gray-50\"\u001b[39m\n                \u001b[36m>\u001b[39m\n                  \u001b[36m<svg\u001b[39m\n                    \u001b[33maria-hidden\u001b[39m=\u001b[32m\"true\"\u001b[39m\n                    \u001b[33mclass\u001b[39m=\u001b[32m\"lucide lucide-plus w-4 h-4\"\u001b[39m\n                    \u001b[33mfill\u001b[39m=\u001b[32m\"none\"\u001b[39m\n                    \u001b[33mheight\u001b[39m=\u001b[32m\"24\"\u001b[39m\n                    \u001b[33mstroke\u001b[39m=\u001b[32m\"currentColor\"\u001b[39m\n                    \u001b[33mstroke-linecap\u001b[39m=\u001b[32m\"round\"\u001b[39m\n                    \u001b[33mstroke-linejoin\u001b[39m=\u001b[32m\"round\"\u001b[39m\n                    \u001b[33mstroke-width\u001b[39m=\u001b[32m\"2\"\u001b[39m\n                    \u001b[33mviewBox\u001b[39m=\u001b[32m\"0 0 24 24\"\u001b[39m\n                    \u001b[33mwidth\u001b[39m=\u001b[32m\"24\"\u001b[39m\n                    \u001b[33mxmlns\u001b[39m=\u001b[32m\"http://www.w3.org/2000/svg\"\u001b[39m\n                  \u001b[36m>\u001b[39m\n                    \u001b[36m<path\u001b[39m\n                      \u001b[33md\u001b[39m=\u001b[32m\"M5 12h14\"\u001b[39m\n                    \u001b[36m/>\u001b[39m\n                    \u001b[36m<path\u001b[39m\n                      \u001b[33md\u001b[39m=\u001b[32m\"M12 5v14\"\u001b[39m\n                    \u001b[36m/>\u001b[39m\n                  \u001b[36m</svg>\u001b[39m\n                \u001b[36m</button>\u001b[39m\n              \u001b[36m</div>\u001b[39m\n            \u001b[36m</div>\u001b[39m\n            \u001b[36m<div\u001b[39m\n              \u001b[33mclass\u001b[39m=\u001b[32m\"flex space-x-4 mb-8\"\u001b[39m\n            \u001b[36m>\u001b[39m\n              \u001b[36m<button\u001b[39m\n                \u001b[33mclass\u001b[39m=\u001b[32m\"flex-1 flex items-center justify-center space-x-2 bg-[#ADA88E] text-white font-semibold px-6 py-3 rounded-lg hover:bg-[#C9A35D] hover:text-black transition-colors duration-300\"\u001b[39m\n              \u001b[36m>\u001b[39m\n                \u001b[36m<svg\u001b[39m\n                  \u001b[33maria-hidden\u001b[39m=\u001b[32m\"true\"\u001b[39m\n                  \u001b[33mclass\u001b[39m=\u001b[32m\"lucide lucide-shopping-cart w-5 h-5\"\u001b[39m\n                  \u001b[33mfill\u001b[39m=\u001b[32m\"none\"\u001b[39m\n                  \u001b[33mheight\u001b[39m=\u001b[32m\"24\"\u001b[39m\n                  \u001b[33mstroke\u001b[39m=\u001b[32m\"currentColor\"\u001b[39m\n                  \u001b[33mstroke-linecap\u001b[39m=\u001b[32m\"round\"\u001b[39m\n                  \u001b[33mstroke-linejoin\u001b[39m=\u001b[32m\"round\"\u001b[39m\n                  \u001b[33mstroke-width\u001b[39m=\u001b[32m\"2\"\u001b[39m\n                  \u001b[33mviewBox\u001b[39m=\u001b[32m\"0 0 24 24\"\u001b[39m\n                  \u001b[33mwidth\u001b[39m=\u001b[32m\"24\"\u001b[39m\n                  \u001b[33mxmlns\u001b[39m=\u001b[32m\"http://www.w3.org/2000/svg\"\u001b[39m\n                \u001b[36m>\u001b[39m\n                  \u001b[36m<circle\u001b[39m\n                    \u001b[33mcx\u001b[39m=\u001b[32m\"8\"\u001b[39m\n                    \u001b[33mcy\u001b[39m=\u001b[32m\"21\"\u001b[39m\n                    \u001b[33mr\u001b[39m=\u001b[32m\"1\"\u001b[39m\n                  \u001b[36m/>\u001b[39m\n                  \u001b[36m<circle\u001b[39m\n                    \u001b[33mcx\u001b[39m=\u001b[32m\"19\"\u001b[39m\n                    \u001b[33mcy\u001b[39m=\u001b[32m\"21\"\u001b[39m\n                    \u001b[33mr\u001b[39m=\u001b[32m\"1\"\u001b[39m\n                  \u001b[36m/>\u001b[39m\n                  \u001b[36m<path\u001b[39m\n                    \u001b[33md\u001b[39m=\u001b[32m\"M2.05 2.05h2l2.66 12.42a2 2 0 0 0 2 1.58h9.78a2 2 0 0 0 1.95-1.57l1.65-7.43H5.12\"\u001b[39m\n                  \u001b[36m/>\u001b[39m\n                \u001b[36m</svg>\u001b[39m\n                \u001b[36m<span>\u001b[39m\n                  \u001b[0mAdd to Cart\u001b[0m\n                \u001b[36m</span>\u001b[39m\n              \u001b[36m</button>\u001b[39m\n            \u001b[36m</div>\u001b[39m\n            \u001b[36m<div\u001b[39m\n              \u001b[33mclass\u001b[39m=\u001b[32m\"border-b mb-6 flex space-x-6\"\u001b[39m\n            \u001b[36m>\u001b[39m\n              \u001b[36m<button\u001b[39m\n                \u001b[33mclass\u001b[39m=\u001b[32m\"pb-3 text-xl font-medium capitalize border-b-2 border-[#ADA88E] text-[#ADA88E]\"\u001b[39m\n              \u001b[36m>\u001b[39m\n                \u001b[0mdetails\u001b[0m\n              \u001b[36m</button>\u001b[39m\n            \u001b[36m</div>\u001b[39m\n            \u001b[36m<div\u001b[39m\n              \u001b[33mclass\u001b[39m=\u001b[32m\"text-gray-800 text-base md:test-lg leading-relaxed mt-4\"\u001b[39m\n            \u001b[36m>\u001b[39m\n              \u001b[36m<p\u001b[39m\n                \u001b[33mclass\u001b[39m=\u001b[32m\"text-lg md:text-xl\"\u001b[39m\n              \u001b[36m>\u001b[39m\n                \u001b[0mA red lipstick.\u001b[0m\n              \u001b[36m</p>\u001b[39m\n            \u001b[36m</div>\u001b[39m\n          \u001b[36m</div>\u001b[39m\n        \u001b[36m</div>\u001b[39m\n      \u001b[36m</div>\u001b[39m\n    \u001b[36m</div>\u001b[39m\n  \u001b[36m</div>\u001b[39m\n\u001b[36m</body>\u001b[39m\n    at Object.getElementError (/Users/rsiyoi/Documents/Mywork/Moringa/Development/code/phase-5/Group-8-Beauty-Shop/client/node_modules/@testing-library/dom/dist/config.js:37:19)\n    at /Users/rsiyoi/Documents/Mywork/Moringa/Development/code/phase-5/Group-8-Beauty-Shop/client/node_modules/@testing-library/dom/dist/query-helpers.js:76:38\n    at /Users/rsiyoi/Documents/Mywork/Moringa/Development/code/phase-5/Group-8-Beauty-Shop/client/node_modules/@testing-library/dom/dist/query-helpers.js:52:17\n    at /Users/rsiyoi/Documents/Mywork/Moringa/Development/code/phase-5/Group-8-Beauty-Shop/client/node_modules/@testing-library/dom/dist/query-helpers.js:95:19\n    at Object.getByRole (/Users/rsiyoi/Documents/Mywork/Moringa/Development/code/phase-5/Group-8-Beauty-Shop/client/tests/components/Products/ProductDeatailModal.test.jsx:55:36)\n    at Promise.finally.completed (/Users/rsiyoi/Documents/Mywork/Moringa/Development/code/phase-5/Group-8-Beauty-Shop/client/node_modules/jest-circus/build/jestAdapterInit.js:1556:28)\n    at new Promise (<anonymous>)\n    at callAsyncCircusFn (/Users/rsiyoi/Documents/Mywork/Moringa/Development/code/phase-5/Group-8-Beauty-Shop/client/node_modules/jest-circus/build/jestAdapterInit.js:1496:10)\n    at _callCircusTest (/Users/rsiyoi/Documents/Mywork/Moringa/Development/code/phase-5/Group-8-Beauty-Shop/client/node_modules/jest-circus/build/jestAdapterInit.js:1006:40)\n    at _runTest (/Users/rsiyoi/Documents/Mywork/Moringa/Development/code/phase-5/Group-8-Beauty-Shop/client/node_modules/jest-circus/build/jestAdapterInit.js:946:3)\n    at _runTestsForDescribeBlock (/Users/rsiyoi/Documents/Mywork/Moringa/Development/code/phase-5/Group-8-Beauty-Shop/client/node_modules/jest-circus/build/jestAdapterInit.js:839:13)\n    at _runTestsForDescribeBlock (/Users/rsiyoi/Documents/Mywork/Moringa/Development/code/phase-5/Group-8-Beauty-Shop/client/node_modules/jest-circus/build/jestAdapterInit.js:829:11)\n    at run (/Users/rsiyoi/Documents/Mywork/Moringa/Development/code/phase-5/Group-8-Beauty-Shop/client/node_modules/jest-circus/build/jestAdapterInit.js:757:3)\n    at runAndTransformResultsToJestFormat (/Users/rsiyoi/Documents/Mywork/Moringa/Development/code/phase-5/Group-8-Beauty-Shop/client/node_modules/jest-circus/build/jestAdapterInit.js:1917:21)\n    at jestAdapter (/Users/rsiyoi/Documents/Mywork/Moringa/Development/code/phase-5/Group-8-Beauty-Shop/client/node_modules/jest-circus/build/runner.js:101:19)\n    at runTestInternal (/Users/rsiyoi/Documents/Mywork/Moringa/Development/code/phase-5/Group-8-Beauty-Shop/client/node_modules/jest-runner/build/index.js:275:16)\n    at runTest (/Users/rsiyoi/Documents/Mywork/Moringa/Development/code/phase-5/Group-8-Beauty-Shop/client/node_modules/jest-runner/build/index.js:343:7)"],"fullName":"ProductDetailModal increments and decrements quantity correctly","invocations":1,"location":null,"numPassingAsserts":0,"retryReasons":[],"startAt":1758710234658,"status":"failed","title":"increments and decrements quantity correctly"},{"ancestorTitles":["ProductDetailModal"],"duration":6,"failing":false,"failureDetails":[],"failureMessages":[],"fullName":"ProductDetailModal calls dispatch with addItemToCart on \"Add to Cart\"","invocations":1,"location":null,"numPassingAsserts":2,"retryReasons":[],"startAt":1758710234681,"status":"passed","title":"calls dispatch with addItemToCart on \"Add to Cart\""},{"ancestorTitles":["ProductDetailModal"],"duration":19,"failing":false,"failureDetails":[{"name":"TestingLibraryElementError"}],"failureMessages":["TestingLibraryElementError: Unable to find an accessible element with the role \"button\" and name `/wishlist/i`\n\nHere are the accessible roles:\n\n  button:\n\n  Name \"\":\n  \u001b[36m<button\u001b[39m\n    \u001b[33mclass\u001b[39m=\u001b[32m\"absolute top-4 right-4 z-10 p-3 rounded-full bg-white/90 hover:bg-white shadow-lg border border-gray-200\"\u001b[39m\n  \u001b[36m/>\u001b[39m\n\n  Name \"\":\n  \u001b[36m<button\u001b[39m\n    \u001b[33mclass\u001b[39m=\u001b[32m\"p-3 rounded-full border transition-colors flex-shrink-0 border-gray-200 hover:bg-gray-50 text-gray-400\"\u001b[39m\n  \u001b[36m/>\u001b[39m\n\n  Name \"\":\n  \u001b[36m<button\u001b[39m\n    \u001b[33mclass\u001b[39m=\u001b[32m\"p-2 hover:bg-gray-50\"\u001b[39m\n  \u001b[36m/>\u001b[39m\n\n  Name \"\":\n  \u001b[36m<button\u001b[39m\n    \u001b[33mclass\u001b[39m=\u001b[32m\"p-2 hover:bg-gray-50\"\u001b[39m\n  \u001b[36m/>\u001b[39m\n\n  Name \"Add to Cart\":\n  \u001b[36m<button\u001b[39m\n    \u001b[33mclass\u001b[39m=\u001b[32m\"flex-1 flex items-center justify-center space-x-2 bg-[#ADA88E] text-white font-semibold px-6 py-3 rounded-lg hover:bg-[#C9A35D] hover:text-black transition-colors duration-300\"\u001b[39m\n  \u001b[36m/>\u001b[39m\n\n  Name \"details\":\n  \u001b[36m<button\u001b[39m\n    \u001b[33mclass\u001b[39m=\u001b[32m\"pb-3 text-xl font-medium capitalize border-b-2 border-[#ADA88E] text-[#ADA88E]\"\u001b[39m\n  \u001b[36m/>\u001b[39m\n\n  --------------------------------------------------\n  img:\n\n  Name \"Lipstick\":\n  \u001b[36m<img\u001b[39m\n    \u001b[33malt\u001b[39m=\u001b[32m\"Lipstick\"\u001b[39m\n    \u001b[33mclass\u001b[39m=\u001b[32m\"max-h-[500px] w-auto object-contain rounded-lg\"\u001b[39m\n    \u001b[33msrc\u001b[39m=\u001b[32m\"/test/lipstick.png\"\u001b[39m\n  \u001b[36m/>\u001b[39m\n\n  --------------------------------------------------\n  heading:\n\n  Name \"Lipstick\":\n  \u001b[36m<h2\u001b[39m\n    \u001b[33mclass\u001b[39m=\u001b[32m\"text-2xl font-bold text-gray-900 pr-12\"\u001b[39m\n  \u001b[36m/>\u001b[39m\n\n  --------------------------------------------------\n  paragraph:\n\n  Name \"\":\n  \u001b[36m<p\u001b[39m\n    \u001b[33mclass\u001b[39m=\u001b[32m\"text-lg md:text-xl\"\u001b[39m\n  \u001b[36m/>\u001b[39m\n\n  --------------------------------------------------\n\nIgnored nodes: comments, script, style\n\u001b[36m<body\u001b[39m\n  \u001b[33mstyle\u001b[39m=\u001b[32m\"overflow: hidden;\"\u001b[39m\n\u001b[36m>\u001b[39m\n  \u001b[36m<div>\u001b[39m\n    \u001b[36m<div\u001b[39m\n      \u001b[33mclass\u001b[39m=\u001b[32m\"fixed inset-0 z-50 flex items-center justify-center bg-black/50 backdrop-blur-sm\"\u001b[39m\n    \u001b[36m>\u001b[39m\n      \u001b[36m<div\u001b[39m\n        \u001b[33mclass\u001b[39m=\u001b[32m\"bg-white rounded-2xl w-full max-w-5xl h-[90vh] flex overflow-hidden shadow-2xl relative mt-10\"\u001b[39m\n      \u001b[36m>\u001b[39m\n        \u001b[36m<button\u001b[39m\n          \u001b[33mclass\u001b[39m=\u001b[32m\"absolute top-4 right-4 z-10 p-3 rounded-full bg-white/90 hover:bg-white shadow-lg border border-gray-200\"\u001b[39m\n        \u001b[36m>\u001b[39m\n          \u001b[36m<svg\u001b[39m\n            \u001b[33maria-hidden\u001b[39m=\u001b[32m\"true\"\u001b[39m\n            \u001b[33mclass\u001b[39m=\u001b[32m\"lucide lucide-x w-5 h-5\"\u001b[39m\n            \u001b[33mfill\u001b[39m=\u001b[32m\"none\"\u001b[39m\n            \u001b[33mheight\u001b[39m=\u001b[32m\"24\"\u001b[39m\n            \u001b[33mstroke\u001b[39m=\u001b[32m\"currentColor\"\u001b[39m\n            \u001b[33mstroke-linecap\u001b[39m=\u001b[32m\"round\"\u001b[39m\n            \u001b[33mstroke-linejoin\u001b[39m=\u001b[32m\"round\"\u001b[39m\n            \u001b[33mstroke-width\u001b[39m=\u001b[32m\"2\"\u001b[39m\n            \u001b[33mviewBox\u001b[39m=\u001b[32m\"0 0 24 24\"\u001b[39m\n            \u001b[33mwidth\u001b[39m=\u001b[32m\"24\"\u001b[39m\n            \u001b[33mxmlns\u001b[39m=\u001b[32m\"http://www.w3.org/2000/svg\"\u001b[39m\n          \u001b[36m>\u001b[39m\n            \u001b[36m<path\u001b[39m\n              \u001b[33md\u001b[39m=\u001b[32m\"M18 6 6 18\"\u001b[39m\n            \u001b[36m/>\u001b[39m\n            \u001b[36m<path\u001b[39m\n              \u001b[33md\u001b[39m=\u001b[32m\"m6 6 12 12\"\u001b[39m\n            \u001b[36m/>\u001b[39m\n          \u001b[36m</svg>\u001b[39m\n        \u001b[36m</button>\u001b[39m\n        \u001b[36m<div\u001b[39m\n          \u001b[33mclass\u001b[39m=\u001b[32m\"w-1/2 bg-gray-50 p-8 flex flex-col relative overflow-y-auto\"\u001b[39m\n        \u001b[36m>\u001b[39m\n          \u001b[36m<div\u001b[39m\n            \u001b[33mclass\u001b[39m=\u001b[32m\"relative flex-1 flex items-center justify-center mt-8\"\u001b[39m\n          \u001b[36m>\u001b[39m\n            \u001b[36m<img\u001b[39m\n              \u001b[33malt\u001b[39m=\u001b[32m\"Lipstick\"\u001b[39m\n              \u001b[33mclass\u001b[39m=\u001b[32m\"max-h-[500px] w-auto object-contain rounded-lg\"\u001b[39m\n              \u001b[33msrc\u001b[39m=\u001b[32m\"/test/lipstick.png\"\u001b[39m\n            \u001b[36m/>\u001b[39m\n          \u001b[36m</div>\u001b[39m\n        \u001b[36m</div>\u001b[39m\n        \u001b[36m<div\u001b[39m\n          \u001b[33mclass\u001b[39m=\u001b[32m\"w-1/2 p-8 flex flex-col overflow-y-auto\"\u001b[39m\n        \u001b[36m>\u001b[39m\n          \u001b[36m<div\u001b[39m\n            \u001b[33mclass\u001b[39m=\u001b[32m\"pt-8\"\u001b[39m\n          \u001b[36m>\u001b[39m\n            \u001b[36m<div\u001b[39m\n              \u001b[33mclass\u001b[39m=\u001b[32m\"flex justify-between items-start mb-6\"\u001b[39m\n            \u001b[36m>\u001b[39m\n              \u001b[36m<h2\u001b[39m\n                \u001b[33mclass\u001b[39m=\u001b[32m\"text-2xl font-bold text-gray-900 pr-12\"\u001b[39m\n              \u001b[36m>\u001b[39m\n                \u001b[0mLipstick\u001b[0m\n              \u001b[36m</h2>\u001b[39m\n              \u001b[36m<button\u001b[39m\n                \u001b[33mclass\u001b[39m=\u001b[32m\"p-3 rounded-full border transition-colors flex-shrink-0 border-gray-200 hover:bg-gray-50 text-gray-400\"\u001b[39m\n              \u001b[36m>\u001b[39m\n                \u001b[36m<svg\u001b[39m\n                  \u001b[33maria-hidden\u001b[39m=\u001b[32m\"true\"\u001b[39m\n                  \u001b[33mclass\u001b[39m=\u001b[32m\"lucide lucide-heart w-5 h-5\"\u001b[39m\n                  \u001b[33mfill\u001b[39m=\u001b[32m\"none\"\u001b[39m\n                  \u001b[33mheight\u001b[39m=\u001b[32m\"24\"\u001b[39m\n                  \u001b[33mstroke\u001b[39m=\u001b[32m\"currentColor\"\u001b[39m\n                  \u001b[33mstroke-linecap\u001b[39m=\u001b[32m\"round\"\u001b[39m\n                  \u001b[33mstroke-linejoin\u001b[39m=\u001b[32m\"round\"\u001b[39m\n                  \u001b[33mstroke-width\u001b[39m=\u001b[32m\"2\"\u001b[39m\n                  \u001b[33mviewBox\u001b[39m=\u001b[32m\"0 0 24 24\"\u001b[39m\n                  \u001b[33mwidth\u001b[39m=\u001b[32m\"24\"\u001b[39m\n                  \u001b[33mxmlns\u001b[39m=\u001b[32m\"http://www.w3.org/2000/svg\"\u001b[39m\n                \u001b[36m>\u001b[39m\n                  \u001b[36m<path\u001b[39m\n                    \u001b[33md\u001b[39m=\u001b[32m\"M2 9.5a5.5 5.5 0 0 1 9.591-3.676.56.56 0 0 0 .818 0A5.49 5.49 0 0 1 22 9.5c0 2.29-1.5 4-3 5.5l-5.492 5.313a2 2 0 0 1-3 .019L5 15c-1.5-1.5-3-3.2-3-5.5\"\u001b[39m\n                  \u001b[36m/>\u001b[39m\n                \u001b[36m</svg>\u001b[39m\n              \u001b[36m</button>\u001b[39m\n            \u001b[36m</div>\u001b[39m\n            \u001b[36m<div\u001b[39m\n              \u001b[33mclass\u001b[39m=\u001b[32m\"flex items-center space-x-2 mb-8\"\u001b[39m\n            \u001b[36m>\u001b[39m\n              \u001b[36m<span\u001b[39m\n                \u001b[33mclass\u001b[39m=\u001b[32m\"text-3xl font-bold text-gray-900\"\u001b[39m\n              \u001b[36m>\u001b[39m\n                \u001b[0mKSh \u001b[0m\n                \u001b[0m1,500\u001b[0m\n              \u001b[36m</span>\u001b[39m\n            \u001b[36m</div>\u001b[39m\n            \u001b[36m<div\u001b[39m\n              \u001b[33mclass\u001b[39m=\u001b[32m\"flex items-center space-x-4 mb-8\"\u001b[39m\n            \u001b[36m>\u001b[39m\n              \u001b[36m<span\u001b[39m\n                \u001b[33mclass\u001b[39m=\u001b[32m\"text-sm font-medium text-gray-700\"\u001b[39m\n              \u001b[36m>\u001b[39m\n                \u001b[0mQuantity:\u001b[0m\n              \u001b[36m</span>\u001b[39m\n              \u001b[36m<div\u001b[39m\n                \u001b[33mclass\u001b[39m=\u001b[32m\"flex items-center border rounded-lg\"\u001b[39m\n              \u001b[36m>\u001b[39m\n                \u001b[36m<button\u001b[39m\n                  \u001b[33mclass\u001b[39m=\u001b[32m\"p-2 hover:bg-gray-50\"\u001b[39m\n                \u001b[36m>\u001b[39m\n                  \u001b[36m<svg\u001b[39m\n                    \u001b[33maria-hidden\u001b[39m=\u001b[32m\"true\"\u001b[39m\n                    \u001b[33mclass\u001b[39m=\u001b[32m\"lucide lucide-minus w-4 h-4\"\u001b[39m\n                    \u001b[33mfill\u001b[39m=\u001b[32m\"none\"\u001b[39m\n                    \u001b[33mheight\u001b[39m=\u001b[32m\"24\"\u001b[39m\n                    \u001b[33mstroke\u001b[39m=\u001b[32m\"currentColor\"\u001b[39m\n                    \u001b[33mstroke-linecap\u001b[39m=\u001b[32m\"round\"\u001b[39m\n                    \u001b[33mstroke-linejoin\u001b[39m=\u001b[32m\"round\"\u001b[39m\n                    \u001b[33mstroke-width\u001b[39m=\u001b[32m\"2\"\u001b[39m\n                    \u001b[33mviewBox\u001b[39m=\u001b[32m\"0 0 24 24\"\u001b[39m\n                    \u001b[33mwidth\u001b[39m=\u001b[32m\"24\"\u001b[39m\n                    \u001b[33mxmlns\u001b[39m=\u001b[32m\"http://www.w3.org/2000/svg\"\u001b[39m\n                  \u001b[36m>\u001b[39m\n                    \u001b[36m<path\u001b[39m\n                      \u001b[33md\u001b[39m=\u001b[32m\"M5 12h14\"\u001b[39m\n                    \u001b[36m/>\u001b[39m\n                  \u001b[36m</svg>\u001b[39m\n                \u001b[36m</button>\u001b[39m\n                \u001b[36m<span\u001b[39m\n                  \u001b[33mclass\u001b[39m=\u001b[32m\"px-4 py-2 font-medium\"\u001b[39m\n                \u001b[36m>\u001b[39m\n                  \u001b[0m1\u001b[0m\n                \u001b[36m</span>\u001b[39m\n                \u001b[36m<button\u001b[39m\n                  \u001b[33mclass\u001b[39m=\u001b[32m\"p-2 hover:bg-gray-50\"\u001b[39m\n                \u001b[36m>\u001b[39m\n                  \u001b[36m<svg\u001b[39m\n                    \u001b[33maria-hidden\u001b[39m=\u001b[32m\"true\"\u001b[39m\n                    \u001b[33mclass\u001b[39m=\u001b[32m\"lucide lucide-plus w-4 h-4\"\u001b[39m\n                    \u001b[33mfill\u001b[39m=\u001b[32m\"none\"\u001b[39m\n                    \u001b[33mheight\u001b[39m=\u001b[32m\"24\"\u001b[39m\n                    \u001b[33mstroke\u001b[39m=\u001b[32m\"currentColor\"\u001b[39m\n                    \u001b[33mstroke-linecap\u001b[39m=\u001b[32m\"round\"\u001b[39m\n                    \u001b[33mstroke-linejoin\u001b[39m=\u001b[32m\"round\"\u001b[39m\n                    \u001b[33mstroke-width\u001b[39m=\u001b[32m\"2\"\u001b[39m\n                    \u001b[33mviewBox\u001b[39m=\u001b[32m\"0 0 24 24\"\u001b[39m\n                    \u001b[33mwidth\u001b[39m=\u001b[32m\"24\"\u001b[39m\n                    \u001b[33mxmlns\u001b[39m=\u001b[32m\"http://www.w3.org/2000/svg\"\u001b[39m\n                  \u001b[36m>\u001b[39m\n                    \u001b[36m<path\u001b[39m\n                      \u001b[33md\u001b[39m=\u001b[32m\"M5 12h14\"\u001b[39m\n                    \u001b[36m/>\u001b[39m\n                    \u001b[36m<path\u001b[39m\n                      \u001b[33md\u001b[39m=\u001b[32m\"M12 5v14\"\u001b[39m\n                    \u001b[36m/>\u001b[39m\n                  \u001b[36m</svg>\u001b[39m\n                \u001b[36m</button>\u001b[39m\n              \u001b[36m</div>\u001b[39m\n            \u001b[36m</div>\u001b[39m\n            \u001b[36m<div\u001b[39m\n              \u001b[33mclass\u001b[39m=\u001b[32m\"flex space-x-4 mb-8\"\u001b[39m\n            \u001b[36m>\u001b[39m\n              \u001b[36m<button\u001b[39m\n                \u001b[33mclass\u001b[39m=\u001b[32m\"flex-1 flex items-center justify-center space-x-2 bg-[#ADA88E] text-white font-semibold px-6 py-3 rounded-lg hover:bg-[#C9A35D] hover:text-black transition-colors duration-300\"\u001b[39m\n              \u001b[36m>\u001b[39m\n                \u001b[36m<svg\u001b[39m\n                  \u001b[33maria-hidden\u001b[39m=\u001b[32m\"true\"\u001b[39m\n                  \u001b[33mclass\u001b[39m=\u001b[32m\"lucide lucide-shopping-cart w-5 h-5\"\u001b[39m\n                  \u001b[33mfill\u001b[39m=\u001b[32m\"none\"\u001b[39m\n                  \u001b[33mheight\u001b[39m=\u001b[32m\"24\"\u001b[39m\n                  \u001b[33mstroke\u001b[39m=\u001b[32m\"currentColor\"\u001b[39m\n                  \u001b[33mstroke-linecap\u001b[39m=\u001b[32m\"round\"\u001b[39m\n                  \u001b[33mstroke-linejoin\u001b[39m=\u001b[32m\"round\"\u001b[39m\n                  \u001b[33mstroke-width\u001b[39m=\u001b[32m\"2\"\u001b[39m\n                  \u001b[33mviewBox\u001b[39m=\u001b[32m\"0 0 24 24\"\u001b[39m\n                  \u001b[33mwidth\u001b[39m=\u001b[32m\"24\"\u001b[39m\n                  \u001b[33mxmlns\u001b[39m=\u001b[32m\"http://www.w3.org/2000/svg\"\u001b[39m\n                \u001b[36m>\u001b[39m\n                  \u001b[36m<circle\u001b[39m\n                    \u001b[33mcx\u001b[39m=\u001b[32m\"8\"\u001b[39m\n                    \u001b[33mcy\u001b[39m=\u001b[32m\"21\"\u001b[39m\n                    \u001b[33mr\u001b[39m=\u001b[32m\"1\"\u001b[39m\n                  \u001b[36m/>\u001b[39m\n                  \u001b[36m<circle\u001b[39m\n                    \u001b[33mcx\u001b[39m=\u001b[32m\"19\"\u001b[39m\n                    \u001b[33mcy\u001b[39m=\u001b[32m\"21\"\u001b[39m\n                    \u001b[33mr\u001b[39m=\u001b[32m\"1\"\u001b[39m\n                  \u001b[36m/>\u001b[39m\n                  \u001b[36m<path\u001b[39m\n                    \u001b[33md\u001b[39m=\u001b[32m\"M2.05 2.05h2l2.66 12.42a2 2 0 0 0 2 1.58h9.78a2 2 0 0 0 1.95-1.57l1.65-7.43H5.12\"\u001b[39m\n                  \u001b[36m/>\u001b[39m\n                \u001b[36m</svg>\u001b[39m\n                \u001b[36m<span>\u001b[39m\n                  \u001b[0mAdd to Cart\u001b[0m\n                \u001b[36m</span>\u001b[39m\n              \u001b[36m</button>\u001b[39m\n            \u001b[36m</div>\u001b[39m\n            \u001b[36m<div\u001b[39m\n              \u001b[33mclass\u001b[39m=\u001b[32m\"border-b mb-6 flex space-x-6\"\u001b[39m\n            \u001b[36m>\u001b[39m\n              \u001b[36m<button\u001b[39m\n                \u001b[33mclass\u001b[39m=\u001b[32m\"pb-3 text-xl font-medium capitalize border-b-2 border-[#ADA88E] text-[#ADA88E]\"\u001b[39m\n              \u001b[36m>\u001b[39m\n                \u001b[0mdetails\u001b[0m\n              \u001b[36m</button>\u001b[39m\n            \u001b[36m</div>\u001b[39m\n            \u001b[36m<div\u001b[39m\n              \u001b[33mclass\u001b[39m=\u001b[32m\"text-gray-800 text-base md:test-lg leading-relaxed mt-4\"\u001b[39m\n            \u001b[36m>\u001b[39m\n              \u001b[36m<p\u001b[39m\n                \u001b[33mclass\u001b[39m=\u001b[32m\"text-lg md:text-xl\"\u001b[39m\n              \u001b[36m>\u001b[39m\n                \u001b[0mA red lipstick.\u001b[0m\n              \u001b[36m</p>\u001b[39m\n            \u001b[36m</div>\u001b[39m\n          \u001b[36m</div>\u001b[39m\n        \u001b[36m</div>\u001b[39m\n      \u001b[36m</div>\u001b[39m\n    \u001b[36m</div>\u001b[39m\n  \u001b[36m</div>\u001b[39m\n\u001b[36m</body>\u001b[39m\n    at Object.getElementError (/Users/rsiyoi/Documents/Mywork/Moringa/Development/code/phase-5/Group-8-Beauty-Shop/client/node_modules/@testing-library/dom/dist/config.js:37:19)\n    at /Users/rsiyoi/Documents/Mywork/Moringa/Development/code/phase-5/Group-8-Beauty-Shop/client/node_modules/@testing-library/dom/dist/query-helpers.js:76:38\n    at /Users/rsiyoi/Documents/Mywork/Moringa/Development/code/phase-5/Group-8-Beauty-Shop/client/node_modules/@testing-library/dom/dist/query-helpers.js:52:17\n    at /Users/rsiyoi/Documents/Mywork/Moringa/Development/code/phase-5/Group-8-Beauty-Shop/client/node_modules/@testing-library/dom/dist/query-helpers.js:95:19\n    at Object.getByRole (/Users/rsiyoi/Documents/Mywork/Moringa/Development/code/phase-5/Group-8-Beauty-Shop/client/tests/components/Products/ProductDeatailModal.test.jsx:88:32)\n    at Promise.finally.completed (/Users/rsiyoi/Documents/Mywork/Moringa/Development/code/phase-5/Group-8-Beauty-Shop/client/node_modules/jest-circus/build/jestAdapterInit.js:1556:28)\n    at new Promise (<anonymous>)\n    at callAsyncCircusFn (/Users/rsiyoi/Documents/Mywork/Moringa/Development/code/phase-5/Group-8-Beauty-Shop/client/node_modules/jest-circus/build/jestAdapterInit.js:1496:10)\n    at _callCircusTest (/Users/rsiyoi/Documents/Mywork/Moringa/Development/code/phase-5/Group-8-Beauty-Shop/client/node_modules/jest-circus/build/jestAdapterInit.js:1006:40)\n    at _runTest (/Users/rsiyoi/Documents/Mywork/Moringa/Development/code/phase-5/Group-8-Beauty-Shop/client/node_modules/jest-circus/build/jestAdapterInit.js:946:3)\n    at _runTestsForDescribeBlock (/Users/rsiyoi/Documents/Mywork/Moringa/Development/code/phase-5/Group-8-Beauty-Shop/client/node_modules/jest-circus/build/jestAdapterInit.js:839:13)\n    at _runTestsForDescribeBlock (/Users/rsiyoi/Documents/Mywork/Moringa/Development/code/phase-5/Group-8-Beauty-Shop/client/node_modules/jest-circus/build/jestAdapterInit.js:829:11)\n    at run (/Users/rsiyoi/Documents/Mywork/Moringa/Development/code/phase-5/Group-8-Beauty-Shop/client/node_modules/jest-circus/build/jestAdapterInit.js:757:3)\n    at runAndTransformResultsToJestFormat (/Users/rsiyoi/Documents/Mywork/Moringa/Development/code/phase-5/Group-8-Beauty-Shop/client/node_modules/jest-circus/build/jestAdapterInit.js:1917:21)\n    at jestAdapter (/Users/rsiyoi/Documents/Mywork/Moringa/Development/code/phase-5/Group-8-Beauty-Shop/client/node_modules/jest-circus/build/runner.js:101:19)\n    at runTestInternal (/Users/rsiyoi/Documents/Mywork/Moringa/Development/code/phase-5/Group-8-Beauty-Shop/client/node_modules/jest-runner/build/index.js:275:16)\n    at runTest (/Users/rsiyoi/Documents/Mywork/Moringa/Development/code/phase-5/Group-8-Beauty-Shop/client/node_modules/jest-runner/build/index.js:343:7)"],"fullName":"ProductDetailModal toggles wishlist when heart button is clicked","invocations":1,"location":null,"numPassingAsserts":0,"retryReasons":[],"startAt":1758710234688,"status":"failed","title":"toggles wishlist when heart button is clicked"},{"ancestorTitles":["ProductDetailModal"],"duration":20,"failing":false,"failureDetails":[{"name":"TestingLibraryElementError"}],"failureMessages":["TestingLibraryElementError: Unable to find an accessible element with the role \"button\" and name `/thumbnail/i`\n\nHere are the accessible roles:\n\n  button:\n\n  Name \"\":\n  \u001b[36m<button\u001b[39m\n    \u001b[33mclass\u001b[39m=\u001b[32m\"absolute top-4 right-4 z-10 p-3 rounded-full bg-white/90 hover:bg-white shadow-lg border border-gray-200\"\u001b[39m\n  \u001b[36m/>\u001b[39m\n\n  Name \"\":\n  \u001b[36m<button\u001b[39m\n    \u001b[33mclass\u001b[39m=\u001b[32m\"p-3 rounded-full border transition-colors flex-shrink-0 border-gray-200 hover:bg-gray-50 text-gray-400\"\u001b[39m\n  \u001b[36m/>\u001b[39m\n\n  Name \"\":\n  \u001b[36m<button\u001b[39m\n    \u001b[33mclass\u001b[39m=\u001b[32m\"p-2 hover:bg-gray-50\"\u001b[39m\n  \u001b[36m/>\u001b[39m\n\n  Name \"\":\n  \u001b[36m<button\u001b[39m\n    \u001b[33mclass\u001b[39m=\u001b[32m\"p-2 hover:bg-gray-50\"\u001b[39m\n  \u001b[36m/>\u001b[39m\n\n  Name \"Add to Cart\":\n  \u001b[36m<button\u001b[39m\n    \u001b[33mclass\u001b[39m=\u001b[32m\"flex-1 flex items-center justify-center space-x-2 bg-[#ADA88E] text-white font-semibold px-6 py-3 rounded-lg hover:bg-[#C9A35D] hover:text-black transition-colors duration-300\"\u001b[39m\n  \u001b[36m/>\u001b[39m\n\n  Name \"details\":\n  \u001b[36m<button\u001b[39m\n    \u001b[33mclass\u001b[39m=\u001b[32m\"pb-3 text-xl font-medium capitalize border-b-2 border-[#ADA88E] text-[#ADA88E]\"\u001b[39m\n  \u001b[36m/>\u001b[39m\n\n  --------------------------------------------------\n  img:\n\n  Name \"Lipstick\":\n  \u001b[36m<img\u001b[39m\n    \u001b[33malt\u001b[39m=\u001b[32m\"Lipstick\"\u001b[39m\n    \u001b[33mclass\u001b[39m=\u001b[32m\"max-h-[500px] w-auto object-contain rounded-lg\"\u001b[39m\n    \u001b[33msrc\u001b[39m=\u001b[32m\"/test/lipstick.png\"\u001b[39m\n  \u001b[36m/>\u001b[39m\n\n  --------------------------------------------------\n  heading:\n\n  Name \"Lipstick\":\n  \u001b[36m<h2\u001b[39m\n    \u001b[33mclass\u001b[39m=\u001b[32m\"text-2xl font-bold text-gray-900 pr-12\"\u001b[39m\n  \u001b[36m/>\u001b[39m\n\n  --------------------------------------------------\n  paragraph:\n\n  Name \"\":\n  \u001b[36m<p\u001b[39m\n    \u001b[33mclass\u001b[39m=\u001b[32m\"text-lg md:text-xl\"\u001b[39m\n  \u001b[36m/>\u001b[39m\n\n  --------------------------------------------------\n\nIgnored nodes: comments, script, style\n\u001b[36m<body\u001b[39m\n  \u001b[33mstyle\u001b[39m=\u001b[32m\"overflow: hidden;\"\u001b[39m\n\u001b[36m>\u001b[39m\n  \u001b[36m<div>\u001b[39m\n    \u001b[36m<div\u001b[39m\n      \u001b[33mclass\u001b[39m=\u001b[32m\"fixed inset-0 z-50 flex items-center justify-center bg-black/50 backdrop-blur-sm\"\u001b[39m\n    \u001b[36m>\u001b[39m\n      \u001b[36m<div\u001b[39m\n        \u001b[33mclass\u001b[39m=\u001b[32m\"bg-white rounded-2xl w-full max-w-5xl h-[90vh] flex overflow-hidden shadow-2xl relative mt-10\"\u001b[39m\n      \u001b[36m>\u001b[39m\n        \u001b[36m<button\u001b[39m\n          \u001b[33mclass\u001b[39m=\u001b[32m\"absolute top-4 right-4 z-10 p-3 rounded-full bg-white/90 hover:bg-white shadow-lg border border-gray-200\"\u001b[39m\n        \u001b[36m>\u001b[39m\n          \u001b[36m<svg\u001b[39m\n            \u001b[33maria-hidden\u001b[39m=\u001b[32m\"true\"\u001b[39m\n            \u001b[33mclass\u001b[39m=\u001b[32m\"lucide lucide-x w-5 h-5\"\u001b[39m\n            \u001b[33mfill\u001b[39m=\u001b[32m\"none\"\u001b[39m\n            \u001b[33mheight\u001b[39m=\u001b[
[...]
sting-library/react/dist/act-compat.js\u001b[2m:47:25\u001b[22m\u001b[2m\u001b[22m\n\u001b[2m      \u001b[2mat renderRoot (\u001b[22m\u001b[2mnode_modules/@testing-library/react/dist/pure.js\u001b[2m:190:26)\u001b[22m\u001b[2m\u001b[22m\n\u001b[2m      \u001b[2mat render (\u001b[22m\u001b[2mnode_modules/@testing-library/react/dist/pure.js\u001b[2m:292:10)\u001b[22m\u001b[2m\u001b[22m\n\u001b[2m      \u001b[2mat Object.<anonymous> (\u001b[22m\u001b[2m\u001b[0m\u001b[36mtests/components/Products/CategoryPage.test.jsx\u001b[39m\u001b[0m\u001b[2m:92:11)\u001b[22m\u001b[2m\u001b[22m\n\n\u001b[1m\u001b[31m  \u001b[1m● \u001b[22m\u001b[1mCategoryPage › selecting a subcategory calls onSubcategorySelect\u001b[39m\u001b[22m\n\n    useNavigate() may be used only in the context of a <Router> component.\n\u001b[2m\u001b[22m\n\u001b[2m    \u001b[0m \u001b[90m 28 |\u001b[39m   \u001b[36mconst\u001b[39m { categoryId\u001b[33m,\u001b[39m subcategoryId\u001b[33m,\u001b[39m categoryName\u001b[33m,\u001b[39m subcategoryName } \u001b[33m=\u001b[39m useParams()\u001b[33m;\u001b[39m\u001b[22m\n\u001b[2m     \u001b[90m 29 |\u001b[39m   \u001b[36mconst\u001b[39m dispatch \u001b[33m=\u001b[39m useDispatch()\u001b[33m;\u001b[39m\u001b[22m\n\u001b[2m    \u001b[31m\u001b[1m>\u001b[22m\u001b[2m\u001b[39m\u001b[90m 30 |\u001b[39m   \u001b[36mconst\u001b[39m navigate \u001b[33m=\u001b[39m useNavigate()\u001b[33m;\u001b[39m\u001b[22m\n\u001b[2m     \u001b[90m    |\u001b[39m                               \u001b[31m\u001b[1m^\u001b[22m\u001b[2m\u001b[39m\u001b[22m\n\u001b[2m     \u001b[90m 31 |\u001b[39m   \u001b[36mconst\u001b[39m location \u001b[33m=\u001b[39m useLocation()\u001b[33m;\u001b[39m\u001b[22m\n\u001b[2m     \u001b[90m 32 |\u001b[39m\u001b[22m\n\u001b[2m     \u001b[90m 33 |\u001b[39m   \u001b[36mconst\u001b[39m productsState \u001b[33m=\u001b[39m useSelector(state \u001b[33m=>\u001b[39m state\u001b[33m.\u001b[39mproducts)\u001b[33m;\u001b[39m\u001b[0m\u001b[22m\n\u001b[2m\u001b[22m\n\u001b[2m      \u001b[2mat invariant (\u001b[22m\u001b[2mnode_modules/react-router/dist/development/chunk-PW3F6ATG.js\u001b[2m:188:11)\u001b[22m\u001b[2m\u001b[22m\n\u001b[2m      \u001b[2mat useNavigateUnstable (\u001b[22m\u001b[2mnode_modules/react-router/dist/development/chunk-PW3F6ATG.js\u001b[2m:6183:3)\u001b[22m\u001b[2m\u001b[22m\n\u001b[2m      \u001b[2mat useNavigate (\u001b[22m\u001b[2mnode_modules/react-router/dist/development/chunk-PW3F6ATG.js\u001b[2m:6180:46)\u001b[22m\u001b[2m\u001b[22m\n\u001b[2m      \u001b[2mat CategoryPage (\u001b[22m\u001b[2msrc/pages/CategoryPage.jsx\u001b[2m:30:31)\u001b[22m\u001b[2m\u001b[22m\n\u001b[2m      \u001b[2mat Object.react_stack_bottom_frame (\u001b[22m\u001b[2mnode_modules/react-dom/cjs/react-dom-client.development.js\u001b[2m:23863:20)\u001b[22m\u001b[2m\u001b[22m\n\u001b[2m      \u001b[2mat renderWithHooks (\u001b[22m\u001b[2mnode_modules/react-dom/cjs/react-dom-client.development.js\u001b[2m:5529:22)\u001b[22m\u001b[2m\u001b[22m\n\u001b[2m      \u001b[2mat updateFunctionComponent (\u001b[22m\u001b[2mnode_modules/react-dom/cjs/react-dom-client.development.js\u001b[2m:8897:19)\u001b[22m\u001b[2m\u001b[22m\n\u001b[2m      \u001b[2mat beginWork (\u001b[22m\u001b[2mnode_modules/react-dom/cjs/react-dom-client.development.js\u001b[2m:10522:18)\u001b[22m\u001b[2m\u001b[22m\n\u001b[2m      \u001b[2mat runWithFiberInDEV (\u001b[22m\u001b[2mnode_modules/react-dom/cjs/react-dom-client.development.js\u001b[2m:1522:13)\u001b[22m\u001b[2m\u001b[22m\n\u001b[2m      \u001b[2mat performUnitOfWork (\u001b[22m\u001b[2mnode_modules/react-dom/cjs/react-dom-client.development.js\u001b[2m:15140:22)\u001b[22m\u001b[2m\u001b[22m\n\u001b[2m      \u001b[2mat workLoopSync (\u001b[22m\u001b[2mnode_modules/react-dom/cjs/react-dom-client.development.js\u001b[2m:14956:41)\u001b[22m\u001b[2m\u001b[22m\n\u001b[2m      \u001b[2mat renderRootSync (\u001b[22m\u001b[2mnode_modules/react-dom/cjs/react-dom-client.development.js\u001b[2m:14936:11)\u001b[22m\u001b[2m\u001b[22m\n\u001b[2m      \u001b[2mat performWorkOnRoot (\u001b[22m\u001b[2mnode_modules/react-dom/cjs/react-dom-client.development.js\u001b[2m:14462:44)\u001b[22m\u001b[2m\u001b[22m\n\u001b[2m      \u001b[2mat performWorkOnRootViaSchedulerTask (\u001b[22m\u001b[2mnode_modules/react-dom/cjs/react-dom-client.development.js\u001b[2m:16216:7)\u001b[22m\u001b[2m\u001b[22m\n\u001b[2m      \u001b[2mat flushActQueue (\u001b[22m\u001b[2mnode_modules/react/cjs/react.development.js\u001b[2m:566:34)\u001b[22m\u001b[2m\u001b[22m\n\u001b[2m      \u001b[2mat process.env.NODE_ENV.exports.act (\u001b[22m\u001b[2mnode_modules/react/cjs/react.development.js\u001b[2m:860:10)\u001b[22m\u001b[2m\u001b[22m\n\u001b[2m      \u001b[2mat \u001b[22m\u001b[2mnode_modules/@testing-library/react/dist/act-compat.js\u001b[2m:47:25\u001b[22m\u001b[2m\u001b[22m\n\u001b[2m      \u001b[2mat renderRoot (\u001b[22m\u001b[2mnode_modules/@testing-library/react/dist/pure.js\u001b[2m:190:26)\u001b[22m\u001b[2m\u001b[22m\n\u001b[2m      \u001b[2mat render (\u001b[22m\u001b[2mnode_modules/@testing-library/react/dist/pure.js\u001b[2m:292:10)\u001b[22m\u001b[2m\u001b[22m\n\u001b[2m      \u001b[2mat Object.<anonymous> (\u001b[22m\u001b[2m\u001b[0m\u001b[36mtests/components/Products/CategoryPage.test.jsx\u001b[39m\u001b[0m\u001b[2m:100:11)\u001b[22m\u001b[2m\u001b[22m\n\n\u001b[1m\u001b[31m  \u001b[1m● \u001b[22m\u001b[1mCategoryPage › load more button dispatches fetchAllProducts with next page\u001b[39m\u001b[22m\n\n    useNavigate() may be used only in the context of a <Router> component.\n\u001b[2m\u001b[22m\n\u001b[2m    \u001b[0m \u001b[90m 28 |\u001b[39m   \u001b[36mconst\u001b[39m { categoryId\u001b[33m,\u001b[39m subcategoryId\u001b[33m,\u001b[39m categoryName\u001b[33m,\u001b[39m subcategoryName } \u001b[33m=\u001b[39m useParams()\u001b[33m;\u001b[39m\u001b[22m\n\u001b[2m     \u001b[90m 29 |\u001b[39m   \u001b[36mconst\u001b[39m dispatch \u001b[33m=\u001b[39m useDispatch()\u001b[33m;\u001b[39m\u001b[22m\n\u001b[2m    \u001b[31m\u001b[1m>\u001b[22m\u001b[2m\u001b[39m\u001b[90m 30 |\u001b[39m   \u001b[36mconst\u001b[39m navigate \u001b[33m=\u001b[39m useNavigate()\u001b[33m;\u001b[39m\u001b[22m\n\u001b[2m     \u001b[90m    |\u001b[39m                               \u001b[31m\u001b[1m^\u001b[22m\u001b[2m\u001b[39m\u001b[22m\n\u001b[2m     \u001b[90m 31 |\u001b[39m   \u001b[36mconst\u001b[39m location \u001b[33m=\u001b[39m useLocation()\u001b[33m;\u001b[39m\u001b[22m\n\u001b[2m     \u001b[90m 32 |\u001b[39m\u001b[22m\n\u001b[2m     \u001b[90m 33 |\u001b[39m   \u001b[36mconst\u001b[39m productsState \u001b[33m=\u001b[39m useSelector(state \u001b[33m=>\u001b[39m state\u001b[33m.\u001b[39mproducts)\u001b[33m;\u001b[39m\u001b[0m\u001b[22m\n\u001b[2m\u001b[22m\n\u001b[2m      \u001b[2mat invariant (\u001b[22m\u001b[2mnode_modules/react-router/dist/development/chunk-PW3F6ATG.js\u001b[2m:188:11)\u001b[22m\u001b[2m\u001b[22m\n\u001b[2m      \u001b[2mat useNavigateUnstable (\u001b[22m\u001b[2mnode_modules/react-router/dist/development/chunk-PW3F6ATG.js\u001b[2m:6183:3)\u001b[22m\u001b[2m\u001b[22m\n\u001b[2m      \u001b[2mat useNavigate (\u001b[22m\u001b[2mnode_modules/react-router/dist/development/chunk-PW3F6ATG.js\u001b[2m:6180:46)\u001b[22m\u001b[2m\u001b[22m\n\u001b[2m      \u001b[2mat CategoryPage (\u001b[22m\u001b[2msrc/pages/CategoryPage.jsx\u001b[2m:30:31)\u001b[22m\u001b[2m\u001b[22m\n\u001b[2m      \u001b[2mat Object.react_stack_bottom_frame (\u001b[22m\u001b[2mnode_modules/react-dom/cjs/react-dom-client.development.js\u001b[2m:23863:20)\u001b[22m\u001b[2m\u001b[22m\n\u001b[2m      \u001b[2mat renderWithHooks (\u001b[22m\u001b[2mnode_modules/react-dom/cjs/react-dom-client.development.js\u001b[2m:5529:22)\u001b[22m\u001b[2m\u001b[22m\n\u001b[2m      \u001b[2mat updateFunctionComponent (\u001b[22m\u001b[2mnode_modules/react-dom/cjs/react-dom-client.development.js\u001b[2m:8897:19)\u001b[22m\u001b[2m\u001b[22m\n\u001b[2m      \u001b[2mat beginWork (\u001b[22m\u001b[2mnode_modules/react-dom/cjs/react-dom-client.development.js\u001b[2m:10522:18)\u001b[22m\u001b[2m\u001b[22m\n\u001b[2m      \u001b[2mat runWithFiberInDEV (\u001b[22m\u001b[2mnode_modules/react-dom/cjs/react-dom-client.development.js\u001b[2m:1522:13)\u001b[22m\u001b[2m\u001b[22m\n\u001b[2m      \u001b[2mat performUnitOfWork (\u001b[22m\u001b[2mnode_modules/react-dom/cjs/react-dom-client.development.js\u001b[2m:15140:22)\u001b[22m\u001b[2m\u001b[22m\n\u001b[2m      \u001b[2mat workLoopSync (\u001b[22m\u001b[2mnode_modules/react-dom/cjs/react-dom-client.development.js\u001b[2m:14956:41)\u001b[22m\u001b[2m\u001b[22m\n\u001b[2m      \u001b[2mat renderRootSync (\u001b[22m\u001b[2mnode_modules/react-dom/cjs/react-dom-client.development.js\u001b[2m:14936:11)\u001b[22m\u001b[2m\u001b[22m\n\u001b[2m      \u001b[2mat performWorkOnRoot (\u001b[22m\u001b[2mnode_modules/react-dom/cjs/react-dom-client.development.js\u001b[2m:14462:44)\u001b[22m\u001b[2m\u001b[22m\n\u001b[2m      \u001b[2mat performWorkOnRootViaSchedulerTask (\u001b[22m\u001b[2mnode_modules/react-dom/cjs/react-dom-client.development.js\u001b[2m:16216:7)\u001b[22m\u001b[2m\u001b[22m\n\u001b[2m      \u001b[2mat flushActQueue (\u001b[22m\u001b[2mnode_modules/react/cjs/react.development.js\u001b[2m:566:34)\u001b[22m\u001b[2m\u001b[22m\n\u001b[2m      \u001b[2mat process.env.NODE_ENV.exports.act (\u001b[22m\u001b[2mnode_modules/react/cjs/react.development.js\u001b[2m:860:10)\u001b[22m\u001b[2m\u001b[22m\n\u001b[2m      \u001b[2mat \u001b[22m\u001b[2mnode_modules/@testing-library/react/dist/act-compat.js\u001b[2m:47:25\u001b[22m\u001b[2m\u001b[22m\n\u001b[2m      \u001b[2mat renderRoot (\u001b[22m\u001b[2mnode_modules/@testing-library/react/dist/pure.js\u001b[2m:190:26)\u001b[22m\u001b[2m\u001b[22m\n\u001b[2m      \u001b[2mat render (\u001b[22m\u001b[2mnode_modules/@testing-library/react/dist/pure.js\u001b[2m:292:10)\u001b[22m\u001b[2m\u001b[22m\n\u001b[2m      \u001b[2mat Object.<anonymous> (\u001b[22m\u001b[2m\u001b[0m\u001b[36mtests/components/Products/CategoryPage.test.jsx\u001b[39m\u001b[0m\u001b[2m:118:11)\u001b[22m\u001b[2m\u001b[22m\n\n\u001b[1m\u001b[31m  \u001b[1m● \u001b[22m\u001b[1mCategoryPage › handles error display\u001b[39m\u001b[22m\n\n    useNavigate() may be used only in the context of a <Router> component.\n\u001b[2m\u001b[22m\n\u001b[2m    \u001b[0m \u001b[90m 28 |\u001b[39m   \u001b[36mconst\u001b[39m { categoryId\u001b[33m,\u001b[39m subcategoryId\u001b[33m,\u001b[39m categoryName\u001b[33m,\u001b[39m subcategoryName } \u001b[33m=\u001b[39m useParams()\u001b[33m;\u001b[39m\u001b[22m\n\u001b[2m     \u001b[90m 29 |\u001b[39m   \u001b[36mconst\u001b[39m dispatch \u001b[33m=\u001b[39m useDispatch()\u001b[33m;\u001b[39m\u001b[22m\n\u001b[2m    \u001b[31m\u001b[1m>\u001b[22m\u001b[2m\u001b[39m\u001b[90m 30 |\u001b[39m   \u001b[36mconst\u001b[39m navigate \u001b[33m=\u001b[39m useNavigate()\u001b[33m;\u001b[39m\u001b[22m\n\u001b[2m     \u001b[90m    |\u001b[39m                               \u001b[31m\u001b[1m^\u001b[22m\u001b[2m\u001b[39m\u001b[22m\n\u001b[2m     \u001b[90m 31 |\u001b[39m   \u001b[36mconst\u001b[39m location \u001b[33m=\u001b[39m useLocation()\u001b[33m;\u001b[39m\u001b[22m\n\u001b[2m     \u001b[90m 32 |\u001b[39m\u001b[22m\n\u001b[2m     \u001b[90m 33 |\u001b[39m   \u001b[36mconst\u001b[39m productsState \u001b[33m=\u001b[39m useSelector(state \u001b[33m=>\u001b[39m state\u001b[33m.\u001b[39mproducts)\u001b[33m;\u001b[39m\u001b[0m\u001b[22m\n\u001b[2m\u001b[22m\n\u001b[2m      \u001b[2mat invariant (\u001b[22m\u001b[2mnode_modules/react-router/dist/development/chunk-PW3F6ATG.js\u001b[2m:188:11)\u001b[22m\u001b[2m\u001b[22m\n\u001b[2m      \u001b[2mat useNavigateUnstable (\u001b[22m\u001b[2mnode_modules/react-router/dist/development/chunk-PW3F6ATG.js\u001b[2m:6183:3)\u001b[22m\u001b[2m\u001b[22m\n\u001b[2m      \u001b[2mat useNavigate (\u001b[22m\u001b[2mnode_modules/react-router/dist/development/chunk-PW3F6ATG.js\u001b[2m:6180:46)\u001b[22m\u001b[2m\u001b[22m\n\u001b[2m      \u001b[2mat CategoryPage (\u001b[22m\u001b[2msrc/pages/CategoryPage.jsx\u001b[2m:30:31)\u001b[22m\u001b[2m\u001b[22m\n\u001b[2m      \u001b[2mat Object.react_stack_bottom_frame (\u001b[22m\u001b[2mnode_modules/react-dom/cjs/react-dom-client.development.js\u001b[2m:23863:20)\u001b[22m\u001b[2m\u001b[22m\n\u001b[2m      \u001b[2mat renderWithHooks (\u001b[22m\u001b[2mnode_modules/react-dom/cjs/react-dom-client.development.js\u001b[2m:5529:22)\u001b[22m\u001b[2m\u001b[22m\n\u001b[2m      \u001b[2mat updateFunctionComponent (\u001b[22m\u001b[2mnode_modules/react-dom/cjs/react-dom-client.development.js\u001b[2m:8897:19)\u001b[22m\u001b[2m\u001b[22m\n\u001b[2m      \u001b[2mat beginWork (\u001b[22m\u001b[2mnode_modules/react-dom/cjs/react-dom-client.development.js\u001b[2m:10522:18)\u001b[22m\u001b[2m\u001b[22m\n\u001b[2m      \u001b[2mat runWithFiberInDEV (\u001b[22m\u001b[2mnode_modules/react-dom/cjs/react-dom-client.development.js\u001b[2m:1522:13)\u001b[22m\u001b[2m\u001b[22m\n\u001b[2m      \u001b[2mat performUnitOfWork (\u001b[22m\u001b[2mnode_modules/react-dom/cjs/react-dom-client.development.js\u001b[2m:15140:22)\u001b[22m\u001b[2m\u001b[22m\n\u001b[2m      \u001b[2mat workLoopSync (\u001b[22m\u001b[2mnode_modules/react-dom/cjs/react-dom-client.development.js\u001b[2m:14956:41)\u001b[22m\u001b[2m\u001b[22m\n\u001b[2m      \u001b[2mat renderRootSync (\u001b[22m\u001b[2mnode_modules/react-dom/cjs/react-dom-client.development.js\u001b[2m:14936:11)\u001b[22m\u001b[2m\u001b[22m\n\u001b[2m      \u001b[2mat performWorkOnRoot (\u001b[22m\u001b[2mnode_modules/react-dom/cjs/react-dom-client.development.js\u001b[2m:14462:44)\u001b[22m\u001b[2m\u001b[22m\n\u001b[2m      \u001b[2mat performWorkOnRootViaSchedulerTask (\u001b[22m\u001b[2mnode_modules/react-dom/cjs/react-dom-client.development.js\u001b[2m:16216:7)\u001b[22m\u001b[2m\u001b[22m\n\u001b[2m      \u001b[2mat flushActQueue (\u001b[22m\u001b[2mnode_modules/react/cjs/react.development.js\u001b[2m:566:34)\u001b[22m\u001b[2m\u001b[22m\n\u001b[2m      \u001b[2mat process.env.NODE_ENV.exports.act (\u001b[22m\u001b[2mnode_modules/react/cjs/react.development.js\u001b[2m:860:10)\u001b[22m\u001b[2m\u001b[22m\n\u001b[2m      \u001b[2mat \u001b[22m\u001b[2mnode_modules/@testing-library/react/dist/act-compat.js\u001b[2m:47:25\u001b[22m\u001b[2m\u001b[22m\n\u001b[2m      \u001b[2mat renderRoot (\u001b[22m\u001b[2mnode_modules/@testing-library/react/dist/pure.js\u001b[2m:190:26)\u001b[22m\u001b[2m\u001b[22m\n\u001b[2m      \u001b[2mat render (\u001b[22m\u001b[2mnode_modules/@testing-library/react/dist/pure.js\u001b[2m:292:10)\u001b[22m\u001b[2m\u001b[22m\n\u001b[2m      \u001b[2mat Object.<anonymous> (\u001b[22m\u001b[2m\u001b[0m\u001b[36mtests/components/Products/CategoryPage.test.jsx\u001b[39m\u001b[0m\u001b[2m:131:11)\u001b[22m\u001b[2m\u001b[22m\n","name":"/Users/rsiyoi/Documents/Mywork/Moringa/Development/code/phase-5/Group-8-Beauty-Shop/client/tests/components/Products/CategoryPage.test.jsx","startTime":1758710234756,"status":"failed","summary":""},{"assertionResults":[{"ancestorTitles":["ProductCard Component"],"duration":8,"failing":false,"failureDetails":[],"failureMessages":[],"fullName":"ProductCard Component renders product details correctly","invocations":1,"location":null,"numPassingAsserts":5,"retryReasons":[],"startAt":1758710235101,"status":"passed","title":"renders product details correctly"},{"ancestorTitles":["ProductCard Component"],"duration":4,"failing":false,"failureDetails":[],"failureMessages":[],"fullName":"ProductCard Component calls onProductClick when card is clicked","invocations":1,"location":null,"numPassingAsserts":1,"retryReasons":[],"startAt":1758710235109,"status":"passed","title":"calls onProductClick when card is clicked"},{"ancestorTitles":["ProductCard Component"],"duration":1,"failing":false,"failureDetails":[],"failureMessages":[],"fullName":"ProductCard Component dispatches addItemToCart and shows toast on Add To Cart button click","invocations":1,"location":null,"numPassingAsserts":2,"retryReasons":[],"startAt":1758710235113,"status":"passed","title":"dispatches addItemToCart and shows toast on Add To Cart button click"},{"ancestorTitles":["ProductCard Component"],"duration":1,"failing":false,"failureDetails":[],"failureMessages":[],"fullName":"ProductCard Component does not trigger onProductClick when Add To Cart button is clicked","invocations":1,"location":null,"numPassingAsserts":1,"retryReasons":[],"startAt":1758710235115,"status":"passed","title":"does not trigger onProductClick when Add To Cart button is clicked"}],"endTime":1758710235116,"message":"","name":"/Users/rsiyoi/Documents/Mywork/Moringa/Development/code/phase-5/Group-8-Beauty-Shop/client/tests/components/Products/ProductCard.test.jsx","startTime":1758710235060,"status":"passed","summary":""},{"assertionResults":[{"ancestorTitles":["ProductGrid"],"duration":5,"failing":false,"failureDetails":[],"failureMessages":[],"fullName":"ProductGrid renders loading skeletons when loading","invocations":1,"location":null,"numPassingAsserts":1,"retryReasons":[],"startAt":1758710235189,"status":"passed","title":"renders loading skeletons when loading"},{"ancestorTitles":["ProductGrid"],"duration":4,"failing":false,"failureDetails":[],"failureMessages":[],"fullName":"ProductGrid renders products after sorting","invocations":1,"location":null,"numPassingAsserts":2,"retryReasons":[],"startAt":1758710235194,"status":"passed","title":"renders products after sorting"},{"ancestorTitles":["ProductGrid"],"duration":3,"failing":false,"failureDetails":[],"failureMessages":[],"fullName":"ProductGrid renders \"No products found\" message when empty","invocations":1,"location":null,"numPassingAsserts":2,"retryReasons":[],"startAt":1758710235198,"status":"passed","title":"renders \"No products found\" message when empty"},{"ancestorTitles":["ProductGrid"],"duration":3,"failing":false,"failureDetails":[],"failureMessages":[],"fullName":"ProductGrid respects sort order \"Name (A → Z)\"","invocations":1,"location":null,"numPassingAsserts":1,"retryReasons":[],"startAt":1758710235201,"status":"passed","title":"respects sort order \"Name (A → Z)\""},{"ancestorTitles":["ProductGrid"],"duration":2,"failing":false,"failureDetails":[],"failureMessages":[],"fullName":"ProductGrid respects sort order \"Price (High → Low)\"","invocations":1,"location":null,"numPassingAsserts":1,"retryReasons":[],"startAt":1758710235205,"status":"passed","title":"respects sort order \"Price (High → Low)\""}],"endTime":1758710235208,"message":"","name":"/Users/rsiyoi/Documents/Mywork/Moringa/Development/code/phase-5/Group-8-Beauty-Shop/client/tests/components/Products/ProductGrid.test.jsx","startTime":1758710235125,"status":"passed","summary":""},{"assertionResults":[],"coverage":{},"endTime":1758710235284,"message":"  \u001b[1m● \u001b[22mTest suite failed to run\n\n    Cannot find module '../../../../src/redux/features/products/productsSlice' from 'tests/components/Products/productsSlice.test.jsx'\n\n    \u001b[0m\u001b[31m\u001b[1m>\u001b[22m\u001b[39m\u001b[90m 1 |\u001b[39m \u001b[36mimport\u001b[39m reducer\u001b[33m,\u001b[39m {\n     \u001b[90m   |\u001b[39m \u001b[31m\u001b[1m^\u001b[22m\u001b[39m\n     \u001b[90m 2 |\u001b[39m   setItems\u001b[33m,\u001b[39m\n     \u001b[90m 3 |\u001b[39m   selectProduct\u001b[33m,\u001b[39m\n     \u001b[90m 4 |\u001b[39m   clearSelectedProduct\u001b[33m,\u001b[39m\u001b[0m\n\n      \u001b[2mat Resolver._throwModNotFoundError (\u001b[22mnode_modules/jest-resolve/build/index.js\u001b[2m:863:11)\u001b[22m\n      \u001b[2mat Object.require (\u001b[22m\u001b[0m\u001b[36mtests/components/Products/productsSlice.test.jsx\u001b[39m\u001b[0m\u001b[2m:1:1)\u001b[22m\n","name":"/Users/rsiyoi/Documents/Mywork/Moringa/Development/code/phase-5/Group-8-Beauty-Shop/client/tests/components/Products/productsSlice.test.jsx","startTime":1758710235284,"status":"failed","summary":""}],"wasInterrupted":false}
